mode: atomic
github.com/sogko/slumber/domain/access_controller.go:11.49,14.23 2 6
github.com/sogko/slumber/domain/access_controller.go:17.2,17.29 1 6
github.com/sogko/slumber/domain/access_controller.go:22.2,22.12 1 6
github.com/sogko/slumber/domain/access_controller.go:14.23,16.3 1 6
github.com/sogko/slumber/domain/access_controller.go:17.29,18.28 1 9
github.com/sogko/slumber/domain/access_controller.go:18.28,20.4 1 9
github.com/sogko/slumber/domain/middleware.go:9.94,11.2 1 1
github.com/sogko/slumber/domain/middleware.go:15.99,17.2 1 1
github.com/sogko/slumber/domain/middleware.go:21.120,23.2 1 1
github.com/sogko/slumber/domain/routes.go:27.51,30.27 2 4
github.com/sogko/slumber/domain/routes.go:33.2,33.33 1 4
github.com/sogko/slumber/domain/routes.go:38.2,38.12 1 4
github.com/sogko/slumber/domain/routes.go:30.27,32.3 1 5
github.com/sogko/slumber/domain/routes.go:33.33,34.34 1 5
github.com/sogko/slumber/domain/routes.go:34.34,36.4 1 5
github.com/sogko/slumber/domain/accept_headers.go:28.59,33.47 2 12
github.com/sogko/slumber/domain/accept_headers.go:78.2,80.42 3 12
github.com/sogko/slumber/domain/accept_headers.go:92.2,92.16 1 12
github.com/sogko/slumber/domain/accept_headers.go:33.47,44.53 6 15
github.com/sogko/slumber/domain/accept_headers.go:58.3,59.22 2 15
github.com/sogko/slumber/domain/accept_headers.go:64.3,70.43 5 12
github.com/sogko/slumber/domain/accept_headers.go:75.3,75.19 1 12
github.com/sogko/slumber/domain/accept_headers.go:44.53,46.45 2 9
github.com/sogko/slumber/domain/accept_headers.go:46.45,48.20 2 12
github.com/sogko/slumber/domain/accept_headers.go:51.5,51.19 1 12
github.com/sogko/slumber/domain/accept_headers.go:48.20,50.6 1 1
github.com/sogko/slumber/domain/accept_headers.go:51.19,53.6 1 11
github.com/sogko/slumber/domain/accept_headers.go:59.22,61.4 1 3
github.com/sogko/slumber/domain/accept_headers.go:70.43,73.4 2 5
github.com/sogko/slumber/domain/accept_headers.go:80.42,83.41 3 15
github.com/sogko/slumber/domain/accept_headers.go:90.3,90.36 1 15
github.com/sogko/slumber/domain/accept_headers.go:83.41,85.18 2 6
github.com/sogko/slumber/domain/accept_headers.go:88.4,88.28 1 6
github.com/sogko/slumber/domain/accept_headers.go:85.18,87.5 1 1
github.com/sogko/slumber/server/access_controller.go:17.92,19.2 1 15
github.com/sogko/slumber/server/access_controller.go:28.56,30.2 1 16
github.com/sogko/slumber/server/access_controller.go:32.86,34.2 1 12
github.com/sogko/slumber/server/access_controller.go:36.59,39.2 2 3
github.com/sogko/slumber/server/access_controller.go:41.142,43.15 2 9
github.com/sogko/slumber/server/access_controller.go:48.2,49.19 2 8
github.com/sogko/slumber/server/access_controller.go:52.2,52.24 1 8
github.com/sogko/slumber/server/access_controller.go:43.15,46.3 1 1
github.com/sogko/slumber/server/access_controller.go:49.19,51.3 1 8
github.com/sogko/slumber/server/access_controller.go:55.102,57.56 1 3
github.com/sogko/slumber/server/access_controller.go:57.56,63.14 3 5
github.com/sogko/slumber/server/access_controller.go:71.3,71.15 1 2
github.com/sogko/slumber/server/access_controller.go:63.14,69.4 2 3
github.com/sogko/slumber/server/router.go:20.164,21.58 1 20
github.com/sogko/slumber/server/router.go:21.58,26.35 3 7
github.com/sogko/slumber/server/router.go:45.3,45.16 1 7
github.com/sogko/slumber/server/router.go:50.3,50.14 1 7
github.com/sogko/slumber/server/router.go:26.35,29.81 2 7
github.com/sogko/slumber/server/router.go:34.4,35.19 2 4
github.com/sogko/slumber/server/router.go:38.4,38.79 1 3
github.com/sogko/slumber/server/router.go:29.81,30.13 1 3
github.com/sogko/slumber/server/router.go:35.19,36.13 1 1
github.com/sogko/slumber/server/router.go:38.79,41.10 2 1
github.com/sogko/slumber/server/router.go:45.16,47.4 1 1
github.com/sogko/slumber/server/router.go:47.4,49.4 1 6
github.com/sogko/slumber/server/router.go:55.74,59.2 2 11
github.com/sogko/slumber/server/router.go:61.64,62.19 1 11
github.com/sogko/slumber/server/router.go:65.2,65.32 1 10
github.com/sogko/slumber/server/router.go:85.2,85.15 1 9
github.com/sogko/slumber/server/router.go:62.19,64.3 1 1
github.com/sogko/slumber/server/router.go:65.32,70.10 2 21
github.com/sogko/slumber/server/router.go:76.3,81.23 2 20
github.com/sogko/slumber/server/router.go:70.10,75.4 1 1
github.com/sogko/slumber/server/router.go:81.23,83.4 1 12
github.com/sogko/slumber/server/router.go:88.75,89.37 1 3
github.com/sogko/slumber/server/router.go:97.2,97.15 1 2
github.com/sogko/slumber/server/router.go:89.37,90.31 1 4
github.com/sogko/slumber/server/router.go:95.3,95.38 1 3
github.com/sogko/slumber/server/router.go:90.31,94.4 1 1
github.com/sogko/slumber/server/server.go:30.41,38.2 3 7
github.com/sogko/slumber/server/server.go:40.71,44.2 2 1
github.com/sogko/slumber/server/server.go:46.85,51.2 2 8
github.com/sogko/slumber/server/server.go:53.52,57.2 2 7
github.com/sogko/slumber/server/server.go:59.69,67.2 4 1
github.com/sogko/slumber/server/server.go:69.25,71.2 1 1
github.com/sogko/slumber/server/server.go:73.76,76.2 2 7
github.com/sogko/slumber/test_helpers/test_helpers.go:24.107,26.2 1 9
github.com/sogko/slumber/test_helpers/test_helpers.go:34.57,36.2 1 1
github.com/sogko/slumber/test_helpers/test_helpers.go:37.55,38.40 1 14
github.com/sogko/slumber/test_helpers/test_helpers.go:41.2,62.3 1 13
github.com/sogko/slumber/test_helpers/test_helpers.go:38.40,40.3 1 1
github.com/sogko/slumber/test_helpers/test_helpers.go:64.107,66.2 1 6
github.com/sogko/slumber/test_helpers/test_helpers.go:67.97,69.2 1 5
github.com/sogko/slumber/test_helpers/test_helpers.go:70.88,74.2 1 3
github.com/sogko/slumber/test_helpers/test_helpers.go:75.89,79.16 4 2
github.com/sogko/slumber/test_helpers/test_helpers.go:84.2,87.4 1 2
github.com/sogko/slumber/test_helpers/test_helpers.go:79.16,83.3 1 1
github.com/sogko/slumber/test_helpers/test_helpers.go:90.56,92.2 1 6
github.com/sogko/slumber/test_helpers/test_helpers.go:97.136,99.2 1 6
github.com/sogko/slumber/test_helpers/test_helpers.go:101.42,103.2 1 6
github.com/sogko/slumber/test_helpers/test_helpers.go:108.108,110.2 1 6
github.com/sogko/slumber/test_helpers/test_helpers.go:115.54,118.16 3 2
github.com/sogko/slumber/test_helpers/test_helpers.go:121.2,121.40 1 1
github.com/sogko/slumber/test_helpers/test_helpers.go:118.16,120.3 1 1
github.com/sogko/slumber/test_helpers/test_helpers.go:127.107,130.16 3 8
github.com/sogko/slumber/test_helpers/test_helpers.go:133.2,133.12 1 7
github.com/sogko/slumber/test_helpers/test_helpers.go:130.16,132.3 1 1
github.com/sogko/slumber/test_helpers/test_server.go:43.60,48.15 2 6
github.com/sogko/slumber/test_helpers/test_server.go:55.2,64.29 4 6
github.com/sogko/slumber/test_helpers/test_server.go:73.2,74.14 2 6
github.com/sogko/slumber/test_helpers/test_server.go:81.2,88.45 4 6
github.com/sogko/slumber/test_helpers/test_server.go:93.2,93.49 1 6
github.com/sogko/slumber/test_helpers/test_server.go:98.2,98.12 1 6
github.com/sogko/slumber/test_helpers/test_server.go:48.15,53.3 1 6
github.com/sogko/slumber/test_helpers/test_server.go:64.29,70.3 2 6
github.com/sogko/slumber/test_helpers/test_server.go:74.14,78.3 1 6
github.com/sogko/slumber/test_helpers/test_server.go:88.45,90.3 1 6
github.com/sogko/slumber/test_helpers/test_server.go:93.49,96.3 1 18
github.com/sogko/slumber/test_helpers/test_server.go:101.67,102.37 1 12
github.com/sogko/slumber/test_helpers/test_server.go:102.37,104.3 1 12
github.com/sogko/slumber/test_helpers/test_server.go:106.66,107.41 1 19
github.com/sogko/slumber/test_helpers/test_server.go:107.41,108.33 1 19
github.com/sogko/slumber/test_helpers/test_server.go:109.3,110.60 1 7
github.com/sogko/slumber/test_helpers/test_server.go:111.3,112.74 1 6
github.com/sogko/slumber/test_helpers/test_server.go:113.3,114.50 1 6
github.com/sogko/slumber/test_helpers/test_server.go:118.170,125.17 3 6
github.com/sogko/slumber/test_helpers/test_server.go:132.2,134.24 2 6
github.com/sogko/slumber/test_helpers/test_server.go:137.2,137.32 1 6
github.com/sogko/slumber/test_helpers/test_server.go:150.2,151.49 2 6
github.com/sogko/slumber/test_helpers/test_server.go:125.17,128.3 2 2
github.com/sogko/slumber/test_helpers/test_server.go:128.3,130.3 1 4
github.com/sogko/slumber/test_helpers/test_server.go:134.24,136.3 1 3
github.com/sogko/slumber/test_helpers/test_server.go:137.32,143.3 2 1
github.com/sogko/slumber/test_helpers/test_server.go:143.3,144.30 1 5
github.com/sogko/slumber/test_helpers/test_server.go:144.30,146.4 1 2
