mode: atomic
github.com/sogko/slumber/controllers/helpers.go:21.115,24.16 3 3
github.com/sogko/slumber/controllers/helpers.go:28.2,28.12 1 2
github.com/sogko/slumber/controllers/helpers.go:24.16,27.3 2 1
github.com/sogko/slumber/controllers/helpers.go:32.110,37.2 1 2
github.com/sogko/slumber/domain/middleware.go:9.103,11.2 1 1
github.com/sogko/slumber/domain/routes.go:24.51,27.27 2 4
github.com/sogko/slumber/domain/routes.go:30.2,30.33 1 4
github.com/sogko/slumber/domain/routes.go:35.2,35.12 1 4
github.com/sogko/slumber/domain/routes.go:27.27,29.3 1 5
github.com/sogko/slumber/domain/routes.go:30.33,31.34 1 5
github.com/sogko/slumber/domain/routes.go:31.34,33.4 1 5
github.com/sogko/slumber/domain/users.go:46.34,53.2 1 4
github.com/sogko/slumber/domain/users.go:56.52,58.2 1 3
github.com/sogko/slumber/domain/users.go:61.63,64.2 2 3
github.com/sogko/slumber/domain/users.go:67.54,71.16 3 2
github.com/sogko/slumber/domain/users.go:74.2,75.12 2 2
github.com/sogko/slumber/domain/users.go:71.16,73.3 1 0
github.com/sogko/slumber/domain/users.go:79.46,81.2 1 2
github.com/sogko/slumber/domain/users.go:84.37,88.2 2 2
github.com/sogko/slumber/domain/users.go:90.40,91.31 1 5
github.com/sogko/slumber/domain/users.go:96.2,96.14 1 3
github.com/sogko/slumber/domain/users.go:91.31,92.13 1 5
github.com/sogko/slumber/domain/users.go:92.13,94.4 1 2
github.com/sogko/slumber/domain/accept_headers.go:28.59,33.47 2 12
github.com/sogko/slumber/domain/accept_headers.go:78.2,80.42 3 12
github.com/sogko/slumber/domain/accept_headers.go:92.2,92.16 1 12
github.com/sogko/slumber/domain/accept_headers.go:33.47,44.53 6 15
github.com/sogko/slumber/domain/accept_headers.go:58.3,59.22 2 15
github.com/sogko/slumber/domain/accept_headers.go:64.3,70.43 5 12
github.com/sogko/slumber/domain/accept_headers.go:75.3,75.19 1 12
github.com/sogko/slumber/domain/accept_headers.go:44.53,46.45 2 9
github.com/sogko/slumber/domain/accept_headers.go:46.45,48.20 2 12
github.com/sogko/slumber/domain/accept_headers.go:51.5,51.19 1 12
github.com/sogko/slumber/domain/accept_headers.go:48.20,50.6 1 1
github.com/sogko/slumber/domain/accept_headers.go:51.19,53.6 1 11
github.com/sogko/slumber/domain/accept_headers.go:59.22,61.4 1 3
github.com/sogko/slumber/domain/accept_headers.go:70.43,73.4 2 5
github.com/sogko/slumber/domain/accept_headers.go:80.42,83.41 3 15
github.com/sogko/slumber/domain/accept_headers.go:90.3,90.36 1 15
github.com/sogko/slumber/domain/accept_headers.go:83.41,85.18 2 6
github.com/sogko/slumber/domain/accept_headers.go:88.4,88.28 1 6
github.com/sogko/slumber/domain/accept_headers.go:85.18,87.5 1 1
github.com/sogko/slumber/domain/access_controller.go:11.49,14.23 2 6
github.com/sogko/slumber/domain/access_controller.go:17.2,17.29 1 6
github.com/sogko/slumber/domain/access_controller.go:22.2,22.12 1 6
github.com/sogko/slumber/domain/access_controller.go:14.23,16.3 1 6
github.com/sogko/slumber/domain/access_controller.go:17.29,18.28 1 9
github.com/sogko/slumber/domain/access_controller.go:18.28,20.4 1 9
github.com/sogko/slumber/middlewares/token_authority.go:12.27,19.2 1 0
github.com/sogko/slumber/middlewares/token_authority.go:21.79,23.20 2 0
github.com/sogko/slumber/middlewares/token_authority.go:26.2,26.12 1 0
github.com/sogko/slumber/middlewares/token_authority.go:23.20,25.3 1 0
github.com/sogko/slumber/middlewares/token_authority.go:38.93,54.2 4 0
github.com/sogko/slumber/middlewares/token_authority.go:56.105,57.80 1 0
github.com/sogko/slumber/middlewares/token_authority.go:63.2,63.16 1 0
github.com/sogko/slumber/middlewares/token_authority.go:67.2,68.17 2 0
github.com/sogko/slumber/middlewares/token_authority.go:96.2,96.43 1 0
github.com/sogko/slumber/middlewares/token_authority.go:57.80,58.57 1 0
github.com/sogko/slumber/middlewares/token_authority.go:61.3,61.42 1 0
github.com/sogko/slumber/middlewares/token_authority.go:58.57,60.4 1 0
github.com/sogko/slumber/middlewares/token_authority.go:63.16,65.3 1 0
github.com/sogko/slumber/middlewares/token_authority.go:68.17,69.36 1 0
github.com/sogko/slumber/middlewares/token_authority.go:72.3,72.38 1 0
github.com/sogko/slumber/middlewares/token_authority.go:75.3,75.36 1 0
github.com/sogko/slumber/middlewares/token_authority.go:78.3,78.35 1 0
github.com/sogko/slumber/middlewares/token_authority.go:85.3,85.33 1 0
github.com/sogko/slumber/middlewares/token_authority.go:88.3,88.33 1 0
github.com/sogko/slumber/middlewares/token_authority.go:91.3,91.33 1 0
github.com/sogko/slumber/middlewares/token_authority.go:69.36,71.4 1 0
github.com/sogko/slumber/middlewares/token_authority.go:72.38,74.4 1 0
github.com/sogko/slumber/middlewares/token_authority.go:75.36,77.4 1 0
github.com/sogko/slumber/middlewares/token_authority.go:78.35,79.63 1 0
github.com/sogko/slumber/middlewares/token_authority.go:79.63,80.20 1 0
github.com/sogko/slumber/middlewares/token_authority.go:80.20,82.6 1 0
github.com/sogko/slumber/middlewares/token_authority.go:85.33,87.4 1 0
github.com/sogko/slumber/middlewares/token_authority.go:88.33,90.4 1 0
github.com/sogko/slumber/middlewares/token_authority.go:91.33,93.4 1 0
github.com/sogko/slumber/middlewares/token_authority.go:98.121,102.2 2 0
github.com/sogko/slumber/middlewares/access_controller.go:12.46,16.2 3 12
github.com/sogko/slumber/middlewares/access_controller.go:23.56,25.2 1 14
github.com/sogko/slumber/middlewares/access_controller.go:27.59,30.2 2 3
github.com/sogko/slumber/middlewares/access_controller.go:32.142,34.15 2 4
github.com/sogko/slumber/middlewares/access_controller.go:39.2,40.19 2 3
github.com/sogko/slumber/middlewares/access_controller.go:43.2,43.24 1 3
github.com/sogko/slumber/middlewares/access_controller.go:34.15,37.3 1 1
github.com/sogko/slumber/middlewares/access_controller.go:40.19,42.3 1 3
github.com/sogko/slumber/middlewares/access_controller.go:46.113,47.77 1 0
github.com/sogko/slumber/middlewares/access_controller.go:47.77,55.14 4 0
github.com/sogko/slumber/middlewares/access_controller.go:63.3,63.23 1 0
github.com/sogko/slumber/middlewares/access_controller.go:55.14,61.4 2 0
github.com/sogko/slumber/middlewares/auth.go:14.40,16.2 1 0
github.com/sogko/slumber/middlewares/auth.go:18.122,25.28 5 0
github.com/sogko/slumber/middlewares/auth.go:75.2,75.14 1 0
github.com/sogko/slumber/middlewares/auth.go:25.28,27.86 2 0
github.com/sogko/slumber/middlewares/auth.go:34.3,36.17 3 0
github.com/sogko/slumber/middlewares/auth.go:43.3,43.19 1 0
github.com/sogko/slumber/middlewares/auth.go:53.3,54.50 2 0
github.com/sogko/slumber/middlewares/auth.go:63.3,69.17 4 0
github.com/sogko/slumber/middlewares/auth.go:73.3,73.35 1 0
github.com/sogko/slumber/middlewares/auth.go:27.86,33.4 2 0
github.com/sogko/slumber/middlewares/auth.go:36.17,42.4 2 0
github.com/sogko/slumber/middlewares/auth.go:43.19,49.4 2 0
github.com/sogko/slumber/middlewares/auth.go:54.50,60.4 2 0
github.com/sogko/slumber/middlewares/auth.go:69.17,72.4 1 0
github.com/sogko/slumber/middlewares/context.go:22.28,24.2 1 12
github.com/sogko/slumber/middlewares/context.go:30.207,31.78 1 0
github.com/sogko/slumber/middlewares/context.go:31.78,33.3 1 0
github.com/sogko/slumber/middlewares/context.go:36.80,37.55 1 0
github.com/sogko/slumber/middlewares/context.go:37.55,39.3 1 0
github.com/sogko/slumber/middlewares/context.go:42.76,44.2 1 0
github.com/sogko/slumber/middlewares/context.go:46.71,48.2 1 0
github.com/sogko/slumber/middlewares/context.go:51.83,54.2 2 0
github.com/sogko/slumber/middlewares/context.go:57.64,58.45 1 0
github.com/sogko/slumber/middlewares/context.go:61.2,61.24 1 0
github.com/sogko/slumber/middlewares/context.go:58.45,60.3 1 0
github.com/sogko/slumber/middlewares/context.go:65.86,68.2 2 0
github.com/sogko/slumber/middlewares/context.go:71.64,72.44 1 0
github.com/sogko/slumber/middlewares/context.go:75.2,75.12 1 0
github.com/sogko/slumber/middlewares/context.go:72.44,74.3 1 0
github.com/sogko/slumber/middlewares/context.go:79.92,82.2 2 0
github.com/sogko/slumber/middlewares/context.go:85.70,86.48 1 0
github.com/sogko/slumber/middlewares/context.go:89.2,89.12 1 0
github.com/sogko/slumber/middlewares/context.go:86.48,88.3 1 0
github.com/sogko/slumber/middlewares/context.go:93.109,96.2 2 0
github.com/sogko/slumber/middlewares/context.go:99.84,100.51 1 0
github.com/sogko/slumber/middlewares/context.go:103.2,103.12 1 0
github.com/sogko/slumber/middlewares/context.go:100.51,102.3 1 0
github.com/sogko/slumber/middlewares/context.go:107.110,110.2 2 0
github.com/sogko/slumber/middlewares/context.go:113.82,114.54 1 0
github.com/sogko/slumber/middlewares/context.go:117.2,117.12 1 0
github.com/sogko/slumber/middlewares/context.go:114.54,116.3 1 0
github.com/sogko/slumber/middlewares/context.go:121.87,124.2 2 0
github.com/sogko/slumber/middlewares/context.go:127.69,128.51 1 0
github.com/sogko/slumber/middlewares/context.go:131.2,131.12 1 0
github.com/sogko/slumber/middlewares/context.go:128.51,130.3 1 0
github.com/sogko/slumber/middlewares/context.go:135.87,138.2 2 4
github.com/sogko/slumber/middlewares/context.go:141.70,142.53 1 3
github.com/sogko/slumber/middlewares/context.go:145.2,145.12 1 0
github.com/sogko/slumber/middlewares/context.go:142.53,144.3 1 3
github.com/sogko/slumber/middlewares/context.go:149.122,152.2 2 0
github.com/sogko/slumber/middlewares/context.go:155.90,156.58 1 0
github.com/sogko/slumber/middlewares/context.go:159.2,159.12 1 0
github.com/sogko/slumber/middlewares/context.go:156.58,158.3 1 0
github.com/sogko/slumber/middlewares/controller_hooks.go:12.131,15.2 2 0
github.com/sogko/slumber/middlewares/database.go:16.59,20.2 3 0
github.com/sogko/slumber/middlewares/database.go:34.57,39.35 2 0
github.com/sogko/slumber/middlewares/database.go:43.2,44.16 2 0
github.com/sogko/slumber/middlewares/database.go:47.2,48.47 2 0
github.com/sogko/slumber/middlewares/database.go:39.35,41.3 1 0
github.com/sogko/slumber/middlewares/database.go:44.16,46.3 1 0
github.com/sogko/slumber/middlewares/database.go:51.87,53.2 1 0
github.com/sogko/slumber/middlewares/database.go:55.111,56.16 1 0
github.com/sogko/slumber/middlewares/database.go:59.2,59.77 1 0
github.com/sogko/slumber/middlewares/database.go:56.16,58.3 1 0
github.com/sogko/slumber/middlewares/database.go:62.72,64.2 1 0
github.com/sogko/slumber/middlewares/database.go:66.63,68.2 1 0
github.com/sogko/slumber/middlewares/database.go:70.108,73.2 2 0
github.com/sogko/slumber/middlewares/database.go:75.69,77.2 1 0
github.com/sogko/slumber/middlewares/database.go:79.69,82.2 2 0
github.com/sogko/slumber/middlewares/database.go:84.54,86.2 1 0
github.com/sogko/slumber/middlewares/database.go:88.65,92.2 3 0
github.com/sogko/slumber/middlewares/database.go:93.41,95.2 1 0
github.com/sogko/slumber/middlewares/database.go:97.68,99.2 1 0
github.com/sogko/slumber/middlewares/database.go:108.126,117.2 5 0
github.com/sogko/slumber/middlewares/renderer.go:18.68,21.2 2 0
github.com/sogko/slumber/middlewares/renderer.go:24.121,29.2 2 0
github.com/sogko/slumber/middlewares/renderer.go:31.82,33.2 1 0
github.com/sogko/slumber/middlewares/renderer.go:35.77,37.2 1 0
github.com/sogko/slumber/middlewares/renderer.go:38.77,41.2 2 0
github.com/sogko/slumber/server/router.go:18.173,19.58 1 7
github.com/sogko/slumber/server/router.go:19.58,24.35 3 6
github.com/sogko/slumber/server/router.go:43.3,44.14 2 6
github.com/sogko/slumber/server/router.go:24.35,27.81 2 6
github.com/sogko/slumber/server/router.go:32.4,33.19 2 4
github.com/sogko/slumber/server/router.go:36.4,36.79 1 3
github.com/sogko/slumber/server/router.go:27.81,28.13 1 2
github.com/sogko/slumber/server/router.go:33.19,34.13 1 1
github.com/sogko/slumber/server/router.go:36.79,39.10 2 1
github.com/sogko/slumber/server/router.go:49.97,50.19 1 9
github.com/sogko/slumber/server/router.go:55.2,57.32 2 8
github.com/sogko/slumber/server/router.go:76.2,76.24 1 7
github.com/sogko/slumber/server/router.go:50.19,54.3 1 1
github.com/sogko/slumber/server/router.go:57.32,62.10 2 8
github.com/sogko/slumber/server/router.go:69.3,73.60 1 7
github.com/sogko/slumber/server/router.go:62.10,67.4 1 1
github.com/sogko/slumber/server/server.go:36.41,48.27 5 9
github.com/sogko/slumber/server/server.go:54.2,57.29 2 9
github.com/sogko/slumber/server/server.go:63.2,63.29 1 7
github.com/sogko/slumber/server/server.go:68.2,68.35 1 7
github.com/sogko/slumber/server/server.go:73.2,77.36 3 7
github.com/sogko/slumber/server/server.go:80.2,83.10 3 7
github.com/sogko/slumber/server/server.go:48.27,50.3 1 6
github.com/sogko/slumber/server/server.go:57.29,61.3 3 7
github.com/sogko/slumber/server/server.go:63.29,66.3 2 7
github.com/sogko/slumber/server/server.go:68.35,71.3 2 7
github.com/sogko/slumber/server/server.go:77.36,79.3 1 7
github.com/sogko/slumber/server/server.go:86.142,89.2 2 35
github.com/sogko/slumber/server/server.go:91.40,95.2 2 7
github.com/sogko/slumber/server/server.go:97.69,105.2 4 1
github.com/sogko/slumber/server/server.go:107.25,109.2 1 1
github.com/sogko/slumber/server/server.go:111.76,114.2 2 6
github.com/sogko/slumber/sessions/sessions_acl.go:9.93,10.18 1 4
github.com/sogko/slumber/sessions/sessions_acl.go:13.3,13.18 1 2
github.com/sogko/slumber/sessions/sessions_acl.go:10.18,12.4 1 2
github.com/sogko/slumber/sessions/sessions_acl.go:15.96,18.3 1 11
github.com/sogko/slumber/sessions/sessions_acl.go:19.96,22.3 1 8
github.com/sogko/slumber/sessions/sessions_controllers.go:32.89,41.2 3 2
github.com/sogko/slumber/sessions/sessions_controllers.go:44.92,51.16 6 11
github.com/sogko/slumber/sessions/sessions_controllers.go:55.2,55.25 1 9
github.com/sogko/slumber/sessions/sessions_controllers.go:60.2,62.16 3 7
github.com/sogko/slumber/sessions/sessions_controllers.go:67.2,67.48 1 5
github.com/sogko/slumber/sessions/sessions_controllers.go:72.2,73.34 2 3
github.com/sogko/slumber/sessions/sessions_controllers.go:77.2,84.16 2 3
github.com/sogko/slumber/sessions/sessions_controllers.go:90.2,91.40 2 3
github.com/sogko/slumber/sessions/sessions_controllers.go:102.2,106.4 1 2
github.com/sogko/slumber/sessions/sessions_controllers.go:51.16,53.3 1 2
github.com/sogko/slumber/sessions/sessions_controllers.go:55.25,58.3 2 2
github.com/sogko/slumber/sessions/sessions_controllers.go:62.16,65.3 2 2
github.com/sogko/slumber/sessions/sessions_controllers.go:67.48,70.3 2 2
github.com/sogko/slumber/sessions/sessions_controllers.go:73.34,75.3 1 3
github.com/sogko/slumber/sessions/sessions_controllers.go:84.16,87.3 2 0
github.com/sogko/slumber/sessions/sessions_controllers.go:91.40,95.17 2 3
github.com/sogko/slumber/sessions/sessions_controllers.go:95.17,98.4 2 1
github.com/sogko/slumber/sessions/sessions_controllers.go:110.92,116.54 5 8
github.com/sogko/slumber/sessions/sessions_controllers.go:134.2,139.16 3 5
github.com/sogko/slumber/sessions/sessions_controllers.go:144.2,144.40 1 5
github.com/sogko/slumber/sessions/sessions_controllers.go:154.2,157.4 1 4
github.com/sogko/slumber/sessions/sessions_controllers.go:116.54,118.41 1 3
github.com/sogko/slumber/sessions/sessions_controllers.go:128.3,132.9 2 2
github.com/sogko/slumber/sessions/sessions_controllers.go:118.41,122.18 2 3
github.com/sogko/slumber/sessions/sessions_controllers.go:122.18,125.5 2 1
github.com/sogko/slumber/sessions/sessions_controllers.go:139.16,141.3 1 0
github.com/sogko/slumber/sessions/sessions_controllers.go:144.40,148.17 2 5
github.com/sogko/slumber/sessions/sessions_controllers.go:148.17,151.4 2 1
github.com/sogko/slumber/controllers/helpers.go:21.115,24.16 3 3
github.com/sogko/slumber/controllers/helpers.go:28.2,28.12 1 2
github.com/sogko/slumber/controllers/helpers.go:24.16,27.3 2 1
github.com/sogko/slumber/controllers/helpers.go:32.110,37.2 1 2
github.com/sogko/slumber/domain/middleware.go:9.103,11.2 1 1
github.com/sogko/slumber/domain/routes.go:24.51,27.27 2 4
github.com/sogko/slumber/domain/routes.go:30.2,30.33 1 4
github.com/sogko/slumber/domain/routes.go:35.2,35.12 1 4
github.com/sogko/slumber/domain/routes.go:27.27,29.3 1 5
github.com/sogko/slumber/domain/routes.go:30.33,31.34 1 5
github.com/sogko/slumber/domain/routes.go:31.34,33.4 1 5
github.com/sogko/slumber/domain/users.go:46.34,53.2 1 4
github.com/sogko/slumber/domain/users.go:56.52,58.2 1 3
github.com/sogko/slumber/domain/users.go:61.63,64.2 2 3
github.com/sogko/slumber/domain/users.go:67.54,71.16 3 2
github.com/sogko/slumber/domain/users.go:74.2,75.12 2 2
github.com/sogko/slumber/domain/users.go:71.16,73.3 1 0
github.com/sogko/slumber/domain/users.go:79.46,81.2 1 2
github.com/sogko/slumber/domain/users.go:84.37,88.2 2 2
github.com/sogko/slumber/domain/users.go:90.40,91.31 1 5
github.com/sogko/slumber/domain/users.go:96.2,96.14 1 3
github.com/sogko/slumber/domain/users.go:91.31,92.13 1 5
github.com/sogko/slumber/domain/users.go:92.13,94.4 1 2
github.com/sogko/slumber/domain/accept_headers.go:28.59,33.47 2 12
github.com/sogko/slumber/domain/accept_headers.go:78.2,80.42 3 12
github.com/sogko/slumber/domain/accept_headers.go:92.2,92.16 1 12
github.com/sogko/slumber/domain/accept_headers.go:33.47,44.53 6 15
github.com/sogko/slumber/domain/accept_headers.go:58.3,59.22 2 15
github.com/sogko/slumber/domain/accept_headers.go:64.3,70.43 5 12
github.com/sogko/slumber/domain/accept_headers.go:75.3,75.19 1 12
github.com/sogko/slumber/domain/accept_headers.go:44.53,46.45 2 9
github.com/sogko/slumber/domain/accept_headers.go:46.45,48.20 2 12
github.com/sogko/slumber/domain/accept_headers.go:51.5,51.19 1 12
github.com/sogko/slumber/domain/accept_headers.go:48.20,50.6 1 1
github.com/sogko/slumber/domain/accept_headers.go:51.19,53.6 1 11
github.com/sogko/slumber/domain/accept_headers.go:59.22,61.4 1 3
github.com/sogko/slumber/domain/accept_headers.go:70.43,73.4 2 5
github.com/sogko/slumber/domain/accept_headers.go:80.42,83.41 3 15
github.com/sogko/slumber/domain/accept_headers.go:90.3,90.36 1 15
github.com/sogko/slumber/domain/accept_headers.go:83.41,85.18 2 6
github.com/sogko/slumber/domain/accept_headers.go:88.4,88.28 1 6
github.com/sogko/slumber/domain/accept_headers.go:85.18,87.5 1 1
github.com/sogko/slumber/domain/access_controller.go:11.49,14.23 2 6
github.com/sogko/slumber/domain/access_controller.go:17.2,17.29 1 6
github.com/sogko/slumber/domain/access_controller.go:22.2,22.12 1 6
github.com/sogko/slumber/domain/access_controller.go:14.23,16.3 1 6
github.com/sogko/slumber/domain/access_controller.go:17.29,18.28 1 9
github.com/sogko/slumber/domain/access_controller.go:18.28,20.4 1 9
github.com/sogko/slumber/middlewares/token_authority.go:12.27,19.2 1 0
github.com/sogko/slumber/middlewares/token_authority.go:21.79,23.20 2 0
github.com/sogko/slumber/middlewares/token_authority.go:26.2,26.12 1 0
github.com/sogko/slumber/middlewares/token_authority.go:23.20,25.3 1 0
github.com/sogko/slumber/middlewares/token_authority.go:38.93,54.2 4 0
github.com/sogko/slumber/middlewares/token_authority.go:56.105,57.80 1 0
github.com/sogko/slumber/middlewares/token_authority.go:63.2,63.16 1 0
github.com/sogko/slumber/middlewares/token_authority.go:67.2,68.17 2 0
github.com/sogko/slumber/middlewares/token_authority.go:96.2,96.43 1 0
github.com/sogko/slumber/middlewares/token_authority.go:57.80,58.57 1 0
github.com/sogko/slumber/middlewares/token_authority.go:61.3,61.42 1 0
github.com/sogko/slumber/middlewares/token_authority.go:58.57,60.4 1 0
github.com/sogko/slumber/middlewares/token_authority.go:63.16,65.3 1 0
github.com/sogko/slumber/middlewares/token_authority.go:68.17,69.36 1 0
github.com/sogko/slumber/middlewares/token_authority.go:72.3,72.38 1 0
github.com/sogko/slumber/middlewares/token_authority.go:75.3,75.36 1 0
github.com/sogko/slumber/middlewares/token_authority.go:78.3,78.35 1 0
github.com/sogko/slumber/middlewares/token_authority.go:85.3,85.33 1 0
github.com/sogko/slumber/middlewares/token_authority.go:88.3,88.33 1 0
github.com/sogko/slumber/middlewares/token_authority.go:91.3,91.33 1 0
github.com/sogko/slumber/middlewares/token_authority.go:69.36,71.4 1 0
github.com/sogko/slumber/middlewares/token_authority.go:72.38,74.4 1 0
github.com/sogko/slumber/middlewares/token_authority.go:75.36,77.4 1 0
github.com/sogko/slumber/middlewares/token_authority.go:78.35,79.63 1 0
github.com/sogko/slumber/middlewares/token_authority.go:79.63,80.20 1 0
github.com/sogko/slumber/middlewares/token_authority.go:80.20,82.6 1 0
github.com/sogko/slumber/middlewares/token_authority.go:85.33,87.4 1 0
github.com/sogko/slumber/middlewares/token_authority.go:88.33,90.4 1 0
github.com/sogko/slumber/middlewares/token_authority.go:91.33,93.4 1 0
github.com/sogko/slumber/middlewares/token_authority.go:98.121,102.2 2 0
github.com/sogko/slumber/middlewares/access_controller.go:12.46,16.2 3 12
github.com/sogko/slumber/middlewares/access_controller.go:23.56,25.2 1 14
github.com/sogko/slumber/middlewares/access_controller.go:27.59,30.2 2 3
github.com/sogko/slumber/middlewares/access_controller.go:32.142,34.15 2 4
github.com/sogko/slumber/middlewares/access_controller.go:39.2,40.19 2 3
github.com/sogko/slumber/middlewares/access_controller.go:43.2,43.24 1 3
github.com/sogko/slumber/middlewares/access_controller.go:34.15,37.3 1 1
github.com/sogko/slumber/middlewares/access_controller.go:40.19,42.3 1 3
github.com/sogko/slumber/middlewares/access_controller.go:46.113,47.77 1 0
github.com/sogko/slumber/middlewares/access_controller.go:47.77,55.14 4 0
github.com/sogko/slumber/middlewares/access_controller.go:63.3,63.23 1 0
github.com/sogko/slumber/middlewares/access_controller.go:55.14,61.4 2 0
github.com/sogko/slumber/middlewares/auth.go:14.40,16.2 1 0
github.com/sogko/slumber/middlewares/auth.go:18.122,25.28 5 0
github.com/sogko/slumber/middlewares/auth.go:75.2,75.14 1 0
github.com/sogko/slumber/middlewares/auth.go:25.28,27.86 2 0
github.com/sogko/slumber/middlewares/auth.go:34.3,36.17 3 0
github.com/sogko/slumber/middlewares/auth.go:43.3,43.19 1 0
github.com/sogko/slumber/middlewares/auth.go:53.3,54.50 2 0
github.com/sogko/slumber/middlewares/auth.go:63.3,69.17 4 0
github.com/sogko/slumber/middlewares/auth.go:73.3,73.35 1 0
github.com/sogko/slumber/middlewares/auth.go:27.86,33.4 2 0
github.com/sogko/slumber/middlewares/auth.go:36.17,42.4 2 0
github.com/sogko/slumber/middlewares/auth.go:43.19,49.4 2 0
github.com/sogko/slumber/middlewares/auth.go:54.50,60.4 2 0
github.com/sogko/slumber/middlewares/auth.go:69.17,72.4 1 0
github.com/sogko/slumber/middlewares/context.go:22.28,24.2 1 12
github.com/sogko/slumber/middlewares/context.go:30.207,31.78 1 0
github.com/sogko/slumber/middlewares/context.go:31.78,33.3 1 0
github.com/sogko/slumber/middlewares/context.go:36.80,37.55 1 0
github.com/sogko/slumber/middlewares/context.go:37.55,39.3 1 0
github.com/sogko/slumber/middlewares/context.go:42.76,44.2 1 0
github.com/sogko/slumber/middlewares/context.go:46.71,48.2 1 0
github.com/sogko/slumber/middlewares/context.go:51.83,54.2 2 0
github.com/sogko/slumber/middlewares/context.go:57.64,58.45 1 0
github.com/sogko/slumber/middlewares/context.go:61.2,61.24 1 0
github.com/sogko/slumber/middlewares/context.go:58.45,60.3 1 0
github.com/sogko/slumber/middlewares/context.go:65.86,68.2 2 0
github.com/sogko/slumber/middlewares/context.go:71.64,72.44 1 0
github.com/sogko/slumber/middlewares/context.go:75.2,75.12 1 0
github.com/sogko/slumber/middlewares/context.go:72.44,74.3 1 0
github.com/sogko/slumber/middlewares/context.go:79.92,82.2 2 0
github.com/sogko/slumber/middlewares/context.go:85.70,86.48 1 0
github.com/sogko/slumber/middlewares/context.go:89.2,89.12 1 0
github.com/sogko/slumber/middlewares/context.go:86.48,88.3 1 0
github.com/sogko/slumber/middlewares/context.go:93.109,96.2 2 0
github.com/sogko/slumber/middlewares/context.go:99.84,100.51 1 0
github.com/sogko/slumber/middlewares/context.go:103.2,103.12 1 0
github.com/sogko/slumber/middlewares/context.go:100.51,102.3 1 0
github.com/sogko/slumber/middlewares/context.go:107.110,110.2 2 0
github.com/sogko/slumber/middlewares/context.go:113.82,114.54 1 0
github.com/sogko/slumber/middlewares/context.go:117.2,117.12 1 0
github.com/sogko/slumber/middlewares/context.go:114.54,116.3 1 0
github.com/sogko/slumber/middlewares/context.go:121.87,124.2 2 0
github.com/sogko/slumber/middlewares/context.go:127.69,128.51 1 0
github.com/sogko/slumber/middlewares/context.go:131.2,131.12 1 0
github.com/sogko/slumber/middlewares/context.go:128.51,130.3 1 0
github.com/sogko/slumber/middlewares/context.go:135.87,138.2 2 4
github.com/sogko/slumber/middlewares/context.go:141.70,142.53 1 3
github.com/sogko/slumber/middlewares/context.go:145.2,145.12 1 0
github.com/sogko/slumber/middlewares/context.go:142.53,144.3 1 3
github.com/sogko/slumber/middlewares/context.go:149.122,152.2 2 0
github.com/sogko/slumber/middlewares/context.go:155.90,156.58 1 0
github.com/sogko/slumber/middlewares/context.go:159.2,159.12 1 0
github.com/sogko/slumber/middlewares/context.go:156.58,158.3 1 0
github.com/sogko/slumber/middlewares/controller_hooks.go:12.131,15.2 2 0
github.com/sogko/slumber/middlewares/database.go:16.59,20.2 3 0
github.com/sogko/slumber/middlewares/database.go:34.57,39.35 2 0
github.com/sogko/slumber/middlewares/database.go:43.2,44.16 2 0
github.com/sogko/slumber/middlewares/database.go:47.2,48.47 2 0
github.com/sogko/slumber/middlewares/database.go:39.35,41.3 1 0
github.com/sogko/slumber/middlewares/database.go:44.16,46.3 1 0
github.com/sogko/slumber/middlewares/database.go:51.87,53.2 1 0
github.com/sogko/slumber/middlewares/database.go:55.111,56.16 1 0
github.com/sogko/slumber/middlewares/database.go:59.2,59.77 1 0
github.com/sogko/slumber/middlewares/database.go:56.16,58.3 1 0
github.com/sogko/slumber/middlewares/database.go:62.72,64.2 1 0
github.com/sogko/slumber/middlewares/database.go:66.63,68.2 1 0
github.com/sogko/slumber/middlewares/database.go:70.108,73.2 2 0
github.com/sogko/slumber/middlewares/database.go:75.69,77.2 1 0
github.com/sogko/slumber/middlewares/database.go:79.69,82.2 2 0
github.com/sogko/slumber/middlewares/database.go:84.54,86.2 1 0
github.com/sogko/slumber/middlewares/database.go:88.65,92.2 3 0
github.com/sogko/slumber/middlewares/database.go:93.41,95.2 1 0
github.com/sogko/slumber/middlewares/database.go:97.68,99.2 1 0
github.com/sogko/slumber/middlewares/database.go:108.126,117.2 5 0
github.com/sogko/slumber/middlewares/renderer.go:18.68,21.2 2 0
github.com/sogko/slumber/middlewares/renderer.go:24.121,29.2 2 0
github.com/sogko/slumber/middlewares/renderer.go:31.82,33.2 1 0
github.com/sogko/slumber/middlewares/renderer.go:35.77,37.2 1 0
github.com/sogko/slumber/middlewares/renderer.go:38.77,41.2 2 0
github.com/sogko/slumber/server/router.go:18.173,19.58 1 7
github.com/sogko/slumber/server/router.go:19.58,24.35 3 6
github.com/sogko/slumber/server/router.go:43.3,44.14 2 6
github.com/sogko/slumber/server/router.go:24.35,27.81 2 6
github.com/sogko/slumber/server/router.go:32.4,33.19 2 4
github.com/sogko/slumber/server/router.go:36.4,36.79 1 3
github.com/sogko/slumber/server/router.go:27.81,28.13 1 2
github.com/sogko/slumber/server/router.go:33.19,34.13 1 1
github.com/sogko/slumber/server/router.go:36.79,39.10 2 1
github.com/sogko/slumber/server/router.go:49.97,50.19 1 9
github.com/sogko/slumber/server/router.go:55.2,57.32 2 8
github.com/sogko/slumber/server/router.go:76.2,76.24 1 7
github.com/sogko/slumber/server/router.go:50.19,54.3 1 1
github.com/sogko/slumber/server/router.go:57.32,62.10 2 8
github.com/sogko/slumber/server/router.go:69.3,73.60 1 7
github.com/sogko/slumber/server/router.go:62.10,67.4 1 1
github.com/sogko/slumber/server/server.go:36.41,48.27 5 9
github.com/sogko/slumber/server/server.go:54.2,57.29 2 9
github.com/sogko/slumber/server/server.go:63.2,63.29 1 7
github.com/sogko/slumber/server/server.go:68.2,68.35 1 7
github.com/sogko/slumber/server/server.go:73.2,77.36 3 7
github.com/sogko/slumber/server/server.go:80.2,83.10 3 7
github.com/sogko/slumber/server/server.go:48.27,50.3 1 6
github.com/sogko/slumber/server/server.go:57.29,61.3 3 7
github.com/sogko/slumber/server/server.go:63.29,66.3 2 7
github.com/sogko/slumber/server/server.go:68.35,71.3 2 7
github.com/sogko/slumber/server/server.go:77.36,79.3 1 7
github.com/sogko/slumber/server/server.go:86.142,89.2 2 35
github.com/sogko/slumber/server/server.go:91.40,95.2 2 7
github.com/sogko/slumber/server/server.go:97.69,105.2 4 1
github.com/sogko/slumber/server/server.go:107.25,109.2 1 1
github.com/sogko/slumber/server/server.go:111.76,114.2 2 6
github.com/sogko/slumber/sessions/sessions_acl.go:9.93,10.18 1 4
github.com/sogko/slumber/sessions/sessions_acl.go:13.3,13.18 1 2
github.com/sogko/slumber/sessions/sessions_acl.go:10.18,12.4 1 2
github.com/sogko/slumber/sessions/sessions_acl.go:15.96,18.3 1 11
github.com/sogko/slumber/sessions/sessions_acl.go:19.96,22.3 1 8
github.com/sogko/slumber/sessions/sessions_controllers.go:32.89,41.2 3 2
github.com/sogko/slumber/sessions/sessions_controllers.go:44.92,51.16 6 11
github.com/sogko/slumber/sessions/sessions_controllers.go:55.2,55.25 1 9
github.com/sogko/slumber/sessions/sessions_controllers.go:60.2,62.16 3 7
github.com/sogko/slumber/sessions/sessions_controllers.go:67.2,67.48 1 5
github.com/sogko/slumber/sessions/sessions_controllers.go:72.2,73.34 2 3
github.com/sogko/slumber/sessions/sessions_controllers.go:77.2,84.16 2 3
github.com/sogko/slumber/sessions/sessions_controllers.go:90.2,91.40 2 3
github.com/sogko/slumber/sessions/sessions_controllers.go:102.2,106.4 1 2
github.com/sogko/slumber/sessions/sessions_controllers.go:51.16,53.3 1 2
github.com/sogko/slumber/sessions/sessions_controllers.go:55.25,58.3 2 2
github.com/sogko/slumber/sessions/sessions_controllers.go:62.16,65.3 2 2
github.com/sogko/slumber/sessions/sessions_controllers.go:67.48,70.3 2 2
github.com/sogko/slumber/sessions/sessions_controllers.go:73.34,75.3 1 3
github.com/sogko/slumber/sessions/sessions_controllers.go:84.16,87.3 2 0
github.com/sogko/slumber/sessions/sessions_controllers.go:91.40,95.17 2 3
github.com/sogko/slumber/sessions/sessions_controllers.go:95.17,98.4 2 1
github.com/sogko/slumber/sessions/sessions_controllers.go:110.92,116.54 5 8
github.com/sogko/slumber/sessions/sessions_controllers.go:134.2,139.16 3 5
github.com/sogko/slumber/sessions/sessions_controllers.go:144.2,144.40 1 5
github.com/sogko/slumber/sessions/sessions_controllers.go:154.2,157.4 1 4
github.com/sogko/slumber/sessions/sessions_controllers.go:116.54,118.41 1 3
github.com/sogko/slumber/sessions/sessions_controllers.go:128.3,132.9 2 2
github.com/sogko/slumber/sessions/sessions_controllers.go:118.41,122.18 2 3
github.com/sogko/slumber/sessions/sessions_controllers.go:122.18,125.5 2 1
github.com/sogko/slumber/sessions/sessions_controllers.go:139.16,141.3 1 0
github.com/sogko/slumber/sessions/sessions_controllers.go:144.40,148.17 2 5
github.com/sogko/slumber/sessions/sessions_controllers.go:148.17,151.4 2 1
github.com/sogko/slumber/controllers/helpers.go:21.115,24.16 3 3
github.com/sogko/slumber/controllers/helpers.go:28.2,28.12 1 2
github.com/sogko/slumber/controllers/helpers.go:24.16,27.3 2 1
github.com/sogko/slumber/controllers/helpers.go:32.110,37.2 1 2
github.com/sogko/slumber/domain/users.go:46.34,53.2 1 0
github.com/sogko/slumber/domain/users.go:56.52,58.2 1 0
github.com/sogko/slumber/domain/users.go:61.63,64.2 2 0
github.com/sogko/slumber/domain/users.go:67.54,71.16 3 0
github.com/sogko/slumber/domain/users.go:74.2,75.12 2 0
github.com/sogko/slumber/domain/users.go:71.16,73.3 1 0
github.com/sogko/slumber/domain/users.go:79.46,81.2 1 0
github.com/sogko/slumber/domain/users.go:84.37,88.2 2 0
github.com/sogko/slumber/domain/users.go:90.40,91.31 1 0
github.com/sogko/slumber/domain/users.go:96.2,96.14 1 0
github.com/sogko/slumber/domain/users.go:91.31,92.13 1 0
github.com/sogko/slumber/domain/users.go:92.13,94.4 1 0
github.com/sogko/slumber/domain/access_controller.go:11.49,14.23 2 6
github.com/sogko/slumber/domain/access_controller.go:17.2,17.29 1 6
github.com/sogko/slumber/domain/access_controller.go:22.2,22.12 1 6
github.com/sogko/slumber/domain/access_controller.go:14.23,16.3 1 6
github.com/sogko/slumber/domain/access_controller.go:17.29,18.28 1 9
github.com/sogko/slumber/domain/access_controller.go:18.28,20.4 1 9
github.com/sogko/slumber/domain/accept_headers.go:28.59,33.47 2 24
github.com/sogko/slumber/domain/accept_headers.go:78.2,80.42 3 24
github.com/sogko/slumber/domain/accept_headers.go:92.2,92.16 1 24
github.com/sogko/slumber/domain/accept_headers.go:33.47,44.53 6 30
github.com/sogko/slumber/domain/accept_headers.go:58.3,59.22 2 30
github.com/sogko/slumber/domain/accept_headers.go:64.3,70.43 5 24
github.com/sogko/slumber/domain/accept_headers.go:75.3,75.19 1 24
github.com/sogko/slumber/domain/accept_headers.go:44.53,46.45 2 18
github.com/sogko/slumber/domain/accept_headers.go:46.45,48.20 2 24
github.com/sogko/slumber/domain/accept_headers.go:51.5,51.19 1 24
github.com/sogko/slumber/domain/accept_headers.go:48.20,50.6 1 2
github.com/sogko/slumber/domain/accept_headers.go:51.19,53.6 1 22
github.com/sogko/slumber/domain/accept_headers.go:59.22,61.4 1 6
github.com/sogko/slumber/domain/accept_headers.go:70.43,73.4 2 10
github.com/sogko/slumber/domain/accept_headers.go:80.42,83.41 3 30
github.com/sogko/slumber/domain/accept_headers.go:90.3,90.36 1 30
github.com/sogko/slumber/domain/accept_headers.go:83.41,85.18 2 12
github.com/sogko/slumber/domain/accept_headers.go:88.4,88.28 1 12
github.com/sogko/slumber/domain/accept_headers.go:85.18,87.5 1 2
github.com/sogko/slumber/domain/middleware.go:9.103,11.2 1 0
github.com/sogko/slumber/domain/routes.go:24.51,27.27 2 4
github.com/sogko/slumber/domain/routes.go:30.2,30.33 1 4
github.com/sogko/slumber/domain/routes.go:35.2,35.12 1 4
github.com/sogko/slumber/domain/routes.go:27.27,29.3 1 5
github.com/sogko/slumber/domain/routes.go:30.33,31.34 1 5
github.com/sogko/slumber/domain/routes.go:31.34,33.4 1 5
github.com/sogko/slumber/middlewares/context.go:22.28,24.2 1 12
github.com/sogko/slumber/middlewares/context.go:30.207,31.78 1 0
github.com/sogko/slumber/middlewares/context.go:31.78,33.3 1 0
github.com/sogko/slumber/middlewares/context.go:36.80,37.55 1 0
github.com/sogko/slumber/middlewares/context.go:37.55,39.3 1 0
github.com/sogko/slumber/middlewares/context.go:42.76,44.2 1 0
github.com/sogko/slumber/middlewares/context.go:46.71,48.2 1 0
github.com/sogko/slumber/middlewares/context.go:51.83,54.2 2 0
github.com/sogko/slumber/middlewares/context.go:57.64,58.45 1 0
github.com/sogko/slumber/middlewares/context.go:61.2,61.24 1 0
github.com/sogko/slumber/middlewares/context.go:58.45,60.3 1 0
github.com/sogko/slumber/middlewares/context.go:65.86,68.2 2 0
github.com/sogko/slumber/middlewares/context.go:71.64,72.44 1 0
github.com/sogko/slumber/middlewares/context.go:75.2,75.12 1 0
github.com/sogko/slumber/middlewares/context.go:72.44,74.3 1 0
github.com/sogko/slumber/middlewares/context.go:79.92,82.2 2 0
github.com/sogko/slumber/middlewares/context.go:85.70,86.48 1 0
github.com/sogko/slumber/middlewares/context.go:89.2,89.12 1 0
github.com/sogko/slumber/middlewares/context.go:86.48,88.3 1 0
github.com/sogko/slumber/middlewares/context.go:93.109,96.2 2 0
github.com/sogko/slumber/middlewares/context.go:99.84,100.51 1 0
github.com/sogko/slumber/middlewares/context.go:103.2,103.12 1 0
github.com/sogko/slumber/middlewares/context.go:100.51,102.3 1 0
github.com/sogko/slumber/middlewares/context.go:107.110,110.2 2 0
github.com/sogko/slumber/middlewares/context.go:113.82,114.54 1 0
github.com/sogko/slumber/middlewares/context.go:117.2,117.12 1 0
github.com/sogko/slumber/middlewares/context.go:114.54,116.3 1 0
github.com/sogko/slumber/middlewares/context.go:121.87,124.2 2 0
github.com/sogko/slumber/middlewares/context.go:127.69,128.51 1 0
github.com/sogko/slumber/middlewares/context.go:131.2,131.12 1 0
github.com/sogko/slumber/middlewares/context.go:128.51,130.3 1 0
github.com/sogko/slumber/middlewares/context.go:135.87,138.2 2 4
github.com/sogko/slumber/middlewares/context.go:141.70,142.53 1 3
github.com/sogko/slumber/middlewares/context.go:145.2,145.12 1 0
github.com/sogko/slumber/middlewares/context.go:142.53,144.3 1 3
github.com/sogko/slumber/middlewares/context.go:149.122,152.2 2 0
github.com/sogko/slumber/middlewares/context.go:155.90,156.58 1 0
github.com/sogko/slumber/middlewares/context.go:159.2,159.12 1 0
github.com/sogko/slumber/middlewares/context.go:156.58,158.3 1 0
github.com/sogko/slumber/middlewares/controller_hooks.go:12.131,15.2 2 0
github.com/sogko/slumber/middlewares/database.go:16.59,20.2 3 0
github.com/sogko/slumber/middlewares/database.go:34.57,39.35 2 0
github.com/sogko/slumber/middlewares/database.go:43.2,44.16 2 0
github.com/sogko/slumber/middlewares/database.go:47.2,48.47 2 0
github.com/sogko/slumber/middlewares/database.go:39.35,41.3 1 0
github.com/sogko/slumber/middlewares/database.go:44.16,46.3 1 0
github.com/sogko/slumber/middlewares/database.go:51.87,53.2 1 0
github.com/sogko/slumber/middlewares/database.go:55.111,56.16 1 0
github.com/sogko/slumber/middlewares/database.go:59.2,59.77 1 0
github.com/sogko/slumber/middlewares/database.go:56.16,58.3 1 0
github.com/sogko/slumber/middlewares/database.go:62.72,64.2 1 0
github.com/sogko/slumber/middlewares/database.go:66.63,68.2 1 0
github.com/sogko/slumber/middlewares/database.go:70.108,73.2 2 0
github.com/sogko/slumber/middlewares/database.go:75.69,77.2 1 0
github.com/sogko/slumber/middlewares/database.go:79.69,82.2 2 0
github.com/sogko/slumber/middlewares/database.go:84.54,86.2 1 0
github.com/sogko/slumber/middlewares/database.go:88.65,92.2 3 0
github.com/sogko/slumber/middlewares/database.go:93.41,95.2 1 0
github.com/sogko/slumber/middlewares/database.go:97.68,99.2 1 0
github.com/sogko/slumber/middlewares/database.go:108.126,117.2 5 0
github.com/sogko/slumber/middlewares/renderer.go:18.68,21.2 2 0
github.com/sogko/slumber/middlewares/renderer.go:24.121,29.2 2 0
github.com/sogko/slumber/middlewares/renderer.go:31.82,33.2 1 0
github.com/sogko/slumber/middlewares/renderer.go:35.77,37.2 1 0
github.com/sogko/slumber/middlewares/renderer.go:38.77,41.2 2 0
github.com/sogko/slumber/middlewares/token_authority.go:12.27,19.2 1 0
github.com/sogko/slumber/middlewares/token_authority.go:21.79,23.20 2 0
github.com/sogko/slumber/middlewares/token_authority.go:26.2,26.12 1 0
github.com/sogko/slumber/middlewares/token_authority.go:23.20,25.3 1 0
github.com/sogko/slumber/middlewares/token_authority.go:38.93,54.2 4 0
github.com/sogko/slumber/middlewares/token_authority.go:56.105,57.80 1 0
github.com/sogko/slumber/middlewares/token_authority.go:63.2,63.16 1 0
github.com/sogko/slumber/middlewares/token_authority.go:67.2,68.17 2 0
github.com/sogko/slumber/middlewares/token_authority.go:96.2,96.43 1 0
github.com/sogko/slumber/middlewares/token_authority.go:57.80,58.57 1 0
github.com/sogko/slumber/middlewares/token_authority.go:61.3,61.42 1 0
github.com/sogko/slumber/middlewares/token_authority.go:58.57,60.4 1 0
github.com/sogko/slumber/middlewares/token_authority.go:63.16,65.3 1 0
github.com/sogko/slumber/middlewares/token_authority.go:68.17,69.36 1 0
github.com/sogko/slumber/middlewares/token_authority.go:72.3,72.38 1 0
github.com/sogko/slumber/middlewares/token_authority.go:75.3,75.36 1 0
github.com/sogko/slumber/middlewares/token_authority.go:78.3,78.35 1 0
github.com/sogko/slumber/middlewares/token_authority.go:85.3,85.33 1 0
github.com/sogko/slumber/middlewares/token_authority.go:88.3,88.33 1 0
github.com/sogko/slumber/middlewares/token_authority.go:91.3,91.33 1 0
github.com/sogko/slumber/middlewares/token_authority.go:69.36,71.4 1 0
github.com/sogko/slumber/middlewares/token_authority.go:72.38,74.4 1 0
github.com/sogko/slumber/middlewares/token_authority.go:75.36,77.4 1 0
github.com/sogko/slumber/middlewares/token_authority.go:78.35,79.63 1 0
github.com/sogko/slumber/middlewares/token_authority.go:79.63,80.20 1 0
github.com/sogko/slumber/middlewares/token_authority.go:80.20,82.6 1 0
github.com/sogko/slumber/middlewares/token_authority.go:85.33,87.4 1 0
github.com/sogko/slumber/middlewares/token_authority.go:88.33,90.4 1 0
github.com/sogko/slumber/middlewares/token_authority.go:91.33,93.4 1 0
github.com/sogko/slumber/middlewares/token_authority.go:98.121,102.2 2 0
github.com/sogko/slumber/middlewares/access_controller.go:12.46,16.2 3 12
github.com/sogko/slumber/middlewares/access_controller.go:23.56,25.2 1 14
github.com/sogko/slumber/middlewares/access_controller.go:27.59,30.2 2 3
github.com/sogko/slumber/middlewares/access_controller.go:32.142,34.15 2 4
github.com/sogko/slumber/middlewares/access_controller.go:39.2,40.19 2 3
github.com/sogko/slumber/middlewares/access_controller.go:43.2,43.24 1 3
github.com/sogko/slumber/middlewares/access_controller.go:34.15,37.3 1 1
github.com/sogko/slumber/middlewares/access_controller.go:40.19,42.3 1 3
github.com/sogko/slumber/middlewares/access_controller.go:46.113,47.77 1 0
github.com/sogko/slumber/middlewares/access_controller.go:47.77,55.14 4 0
github.com/sogko/slumber/middlewares/access_controller.go:63.3,63.23 1 0
github.com/sogko/slumber/middlewares/access_controller.go:55.14,61.4 2 0
github.com/sogko/slumber/middlewares/auth.go:14.40,16.2 1 0
github.com/sogko/slumber/middlewares/auth.go:18.122,25.28 5 0
github.com/sogko/slumber/middlewares/auth.go:75.2,75.14 1 0
github.com/sogko/slumber/middlewares/auth.go:25.28,27.86 2 0
github.com/sogko/slumber/middlewares/auth.go:34.3,36.17 3 0
github.com/sogko/slumber/middlewares/auth.go:43.3,43.19 1 0
github.com/sogko/slumber/middlewares/auth.go:53.3,54.50 2 0
github.com/sogko/slumber/middlewares/auth.go:63.3,69.17 4 0
github.com/sogko/slumber/middlewares/auth.go:73.3,73.35 1 0
github.com/sogko/slumber/middlewares/auth.go:27.86,33.4 2 0
github.com/sogko/slumber/middlewares/auth.go:36.17,42.4 2 0
github.com/sogko/slumber/middlewares/auth.go:43.19,49.4 2 0
github.com/sogko/slumber/middlewares/auth.go:54.50,60.4 2 0
github.com/sogko/slumber/middlewares/auth.go:69.17,72.4 1 0
github.com/sogko/slumber/server/router.go:18.173,19.58 1 8
github.com/sogko/slumber/server/router.go:19.58,24.35 3 6
github.com/sogko/slumber/server/router.go:43.3,44.14 2 6
github.com/sogko/slumber/server/router.go:24.35,27.81 2 6
github.com/sogko/slumber/server/router.go:32.4,33.19 2 4
github.com/sogko/slumber/server/router.go:36.4,36.79 1 3
github.com/sogko/slumber/server/router.go:27.81,28.13 1 2
github.com/sogko/slumber/server/router.go:33.19,34.13 1 1
github.com/sogko/slumber/server/router.go:36.79,39.10 2 1
github.com/sogko/slumber/server/router.go:49.97,50.19 1 10
github.com/sogko/slumber/server/router.go:55.2,57.32 2 9
github.com/sogko/slumber/server/router.go:76.2,76.24 1 8
github.com/sogko/slumber/server/router.go:50.19,54.3 1 1
github.com/sogko/slumber/server/router.go:57.32,62.10 2 9
github.com/sogko/slumber/server/router.go:69.3,73.60 1 8
github.com/sogko/slumber/server/router.go:62.10,67.4 1 1
github.com/sogko/slumber/server/server.go:36.41,48.27 5 10
github.com/sogko/slumber/server/server.go:54.2,57.29 2 10
github.com/sogko/slumber/server/server.go:63.2,63.29 1 8
github.com/sogko/slumber/server/server.go:68.2,68.35 1 8
github.com/sogko/slumber/server/server.go:73.2,77.36 3 8
github.com/sogko/slumber/server/server.go:80.2,83.10 3 8
github.com/sogko/slumber/server/server.go:48.27,50.3 1 6
github.com/sogko/slumber/server/server.go:57.29,61.3 3 8
github.com/sogko/slumber/server/server.go:63.29,66.3 2 8
github.com/sogko/slumber/server/server.go:68.35,71.3 2 8
github.com/sogko/slumber/server/server.go:77.36,79.3 1 8
github.com/sogko/slumber/server/server.go:86.142,89.2 2 40
github.com/sogko/slumber/server/server.go:91.40,95.2 2 8
github.com/sogko/slumber/server/server.go:97.69,105.2 4 2
github.com/sogko/slumber/server/server.go:107.25,109.2 1 2
github.com/sogko/slumber/server/server.go:111.76,114.2 2 6
github.com/sogko/slumber/sessions/sessions_controllers.go:32.89,41.2 3 2
github.com/sogko/slumber/sessions/sessions_controllers.go:44.92,51.16 6 11
github.com/sogko/slumber/sessions/sessions_controllers.go:55.2,55.25 1 9
github.com/sogko/slumber/sessions/sessions_controllers.go:60.2,62.16 3 7
github.com/sogko/slumber/sessions/sessions_controllers.go:67.2,67.48 1 5
github.com/sogko/slumber/sessions/sessions_controllers.go:72.2,73.34 2 3
github.com/sogko/slumber/sessions/sessions_controllers.go:77.2,84.16 2 3
github.com/sogko/slumber/sessions/sessions_controllers.go:90.2,91.40 2 3
github.com/sogko/slumber/sessions/sessions_controllers.go:102.2,106.4 1 2
github.com/sogko/slumber/sessions/sessions_controllers.go:51.16,53.3 1 2
github.com/sogko/slumber/sessions/sessions_controllers.go:55.25,58.3 2 2
github.com/sogko/slumber/sessions/sessions_controllers.go:62.16,65.3 2 2
github.com/sogko/slumber/sessions/sessions_controllers.go:67.48,70.3 2 2
github.com/sogko/slumber/sessions/sessions_controllers.go:73.34,75.3 1 3
github.com/sogko/slumber/sessions/sessions_controllers.go:84.16,87.3 2 0
github.com/sogko/slumber/sessions/sessions_controllers.go:91.40,95.17 2 3
github.com/sogko/slumber/sessions/sessions_controllers.go:95.17,98.4 2 1
github.com/sogko/slumber/sessions/sessions_controllers.go:110.92,116.54 5 8
github.com/sogko/slumber/sessions/sessions_controllers.go:134.2,139.16 3 5
github.com/sogko/slumber/sessions/sessions_controllers.go:144.2,144.40 1 5
github.com/sogko/slumber/sessions/sessions_controllers.go:154.2,157.4 1 4
github.com/sogko/slumber/sessions/sessions_controllers.go:116.54,118.41 1 3
github.com/sogko/slumber/sessions/sessions_controllers.go:128.3,132.9 2 2
github.com/sogko/slumber/sessions/sessions_controllers.go:118.41,122.18 2 3
github.com/sogko/slumber/sessions/sessions_controllers.go:122.18,125.5 2 1
github.com/sogko/slumber/sessions/sessions_controllers.go:139.16,141.3 1 0
github.com/sogko/slumber/sessions/sessions_controllers.go:144.40,148.17 2 5
github.com/sogko/slumber/sessions/sessions_controllers.go:148.17,151.4 2 1
github.com/sogko/slumber/sessions/sessions_acl.go:9.93,10.18 1 4
github.com/sogko/slumber/sessions/sessions_acl.go:13.3,13.18 1 2
github.com/sogko/slumber/sessions/sessions_acl.go:10.18,12.4 1 2
github.com/sogko/slumber/sessions/sessions_acl.go:15.96,18.3 1 11
github.com/sogko/slumber/sessions/sessions_acl.go:19.96,22.3 1 8
github.com/sogko/slumber/controllers/helpers.go:21.115,24.16 3 3
github.com/sogko/slumber/controllers/helpers.go:28.2,28.12 1 2
github.com/sogko/slumber/controllers/helpers.go:24.16,27.3 2 1
github.com/sogko/slumber/controllers/helpers.go:32.110,37.2 1 2
github.com/sogko/slumber/domain/users.go:46.34,53.2 1 0
github.com/sogko/slumber/domain/users.go:56.52,58.2 1 0
github.com/sogko/slumber/domain/users.go:61.63,64.2 2 0
github.com/sogko/slumber/domain/users.go:67.54,71.16 3 0
github.com/sogko/slumber/domain/users.go:74.2,75.12 2 0
github.com/sogko/slumber/domain/users.go:71.16,73.3 1 0
github.com/sogko/slumber/domain/users.go:79.46,81.2 1 0
github.com/sogko/slumber/domain/users.go:84.37,88.2 2 0
github.com/sogko/slumber/domain/users.go:90.40,91.31 1 0
github.com/sogko/slumber/domain/users.go:96.2,96.14 1 0
github.com/sogko/slumber/domain/users.go:91.31,92.13 1 0
github.com/sogko/slumber/domain/users.go:92.13,94.4 1 0
github.com/sogko/slumber/domain/accept_headers.go:28.59,33.47 2 24
github.com/sogko/slumber/domain/accept_headers.go:78.2,80.42 3 24
github.com/sogko/slumber/domain/accept_headers.go:92.2,92.16 1 24
github.com/sogko/slumber/domain/accept_headers.go:33.47,44.53 6 30
github.com/sogko/slumber/domain/accept_headers.go:58.3,59.22 2 30
github.com/sogko/slumber/domain/accept_headers.go:64.3,70.43 5 24
github.com/sogko/slumber/domain/accept_headers.go:75.3,75.19 1 24
github.com/sogko/slumber/domain/accept_headers.go:44.53,46.45 2 18
github.com/sogko/slumber/domain/accept_headers.go:46.45,48.20 2 24
github.com/sogko/slumber/domain/accept_headers.go:51.5,51.19 1 24
github.com/sogko/slumber/domain/accept_headers.go:48.20,50.6 1 2
github.com/sogko/slumber/domain/accept_headers.go:51.19,53.6 1 22
github.com/sogko/slumber/domain/accept_headers.go:59.22,61.4 1 6
github.com/sogko/slumber/domain/accept_headers.go:70.43,73.4 2 10
github.com/sogko/slumber/domain/accept_headers.go:80.42,83.41 3 30
github.com/sogko/slumber/domain/accept_headers.go:90.3,90.36 1 30
github.com/sogko/slumber/domain/accept_headers.go:83.41,85.18 2 12
github.com/sogko/slumber/domain/accept_headers.go:88.4,88.28 1 12
github.com/sogko/slumber/domain/accept_headers.go:85.18,87.5 1 2
github.com/sogko/slumber/domain/routes.go:24.51,27.27 2 4
github.com/sogko/slumber/domain/routes.go:30.2,30.33 1 4
github.com/sogko/slumber/domain/routes.go:35.2,35.12 1 4
github.com/sogko/slumber/domain/routes.go:27.27,29.3 1 5
github.com/sogko/slumber/domain/routes.go:30.33,31.34 1 5
github.com/sogko/slumber/domain/routes.go:31.34,33.4 1 5
github.com/sogko/slumber/domain/middleware.go:9.103,11.2 1 0
github.com/sogko/slumber/domain/access_controller.go:11.49,14.23 2 6
github.com/sogko/slumber/domain/access_controller.go:17.2,17.29 1 6
github.com/sogko/slumber/domain/access_controller.go:22.2,22.12 1 6
github.com/sogko/slumber/domain/access_controller.go:14.23,16.3 1 6
github.com/sogko/slumber/domain/access_controller.go:17.29,18.28 1 9
github.com/sogko/slumber/domain/access_controller.go:18.28,20.4 1 9
github.com/sogko/slumber/middlewares/controller_hooks.go:12.131,15.2 2 0
github.com/sogko/slumber/middlewares/database.go:16.59,20.2 3 0
github.com/sogko/slumber/middlewares/database.go:34.57,39.35 2 0
github.com/sogko/slumber/middlewares/database.go:43.2,44.16 2 0
github.com/sogko/slumber/middlewares/database.go:47.2,48.47 2 0
github.com/sogko/slumber/middlewares/database.go:39.35,41.3 1 0
github.com/sogko/slumber/middlewares/database.go:44.16,46.3 1 0
github.com/sogko/slumber/middlewares/database.go:51.87,53.2 1 0
github.com/sogko/slumber/middlewares/database.go:55.111,56.16 1 0
github.com/sogko/slumber/middlewares/database.go:59.2,59.77 1 0
github.com/sogko/slumber/middlewares/database.go:56.16,58.3 1 0
github.com/sogko/slumber/middlewares/database.go:62.72,64.2 1 0
github.com/sogko/slumber/middlewares/database.go:66.63,68.2 1 0
github.com/sogko/slumber/middlewares/database.go:70.108,73.2 2 0
github.com/sogko/slumber/middlewares/database.go:75.69,77.2 1 0
github.com/sogko/slumber/middlewares/database.go:79.69,82.2 2 0
github.com/sogko/slumber/middlewares/database.go:84.54,86.2 1 0
github.com/sogko/slumber/middlewares/database.go:88.65,92.2 3 0
github.com/sogko/slumber/middlewares/database.go:93.41,95.2 1 0
github.com/sogko/slumber/middlewares/database.go:97.68,99.2 1 0
github.com/sogko/slumber/middlewares/database.go:108.126,117.2 5 0
github.com/sogko/slumber/middlewares/renderer.go:18.68,21.2 2 0
github.com/sogko/slumber/middlewares/renderer.go:24.121,29.2 2 0
github.com/sogko/slumber/middlewares/renderer.go:31.82,33.2 1 0
github.com/sogko/slumber/middlewares/renderer.go:35.77,37.2 1 0
github.com/sogko/slumber/middlewares/renderer.go:38.77,41.2 2 0
github.com/sogko/slumber/middlewares/token_authority.go:12.27,19.2 1 0
github.com/sogko/slumber/middlewares/token_authority.go:21.79,23.20 2 0
github.com/sogko/slumber/middlewares/token_authority.go:26.2,26.12 1 0
github.com/sogko/slumber/middlewares/token_authority.go:23.20,25.3 1 0
github.com/sogko/slumber/middlewares/token_authority.go:38.93,54.2 4 0
github.com/sogko/slumber/middlewares/token_authority.go:56.105,57.80 1 0
github.com/sogko/slumber/middlewares/token_authority.go:63.2,63.16 1 0
github.com/sogko/slumber/middlewares/token_authority.go:67.2,68.17 2 0
github.com/sogko/slumber/middlewares/token_authority.go:96.2,96.43 1 0
github.com/sogko/slumber/middlewares/token_authority.go:57.80,58.57 1 0
github.com/sogko/slumber/middlewares/token_authority.go:61.3,61.42 1 0
github.com/sogko/slumber/middlewares/token_authority.go:58.57,60.4 1 0
github.com/sogko/slumber/middlewares/token_authority.go:63.16,65.3 1 0
github.com/sogko/slumber/middlewares/token_authority.go:68.17,69.36 1 0
github.com/sogko/slumber/middlewares/token_authority.go:72.3,72.38 1 0
github.com/sogko/slumber/middlewares/token_authority.go:75.3,75.36 1 0
github.com/sogko/slumber/middlewares/token_authority.go:78.3,78.35 1 0
github.com/sogko/slumber/middlewares/token_authority.go:85.3,85.33 1 0
github.com/sogko/slumber/middlewares/token_authority.go:88.3,88.33 1 0
github.com/sogko/slumber/middlewares/token_authority.go:91.3,91.33 1 0
github.com/sogko/slumber/middlewares/token_authority.go:69.36,71.4 1 0
github.com/sogko/slumber/middlewares/token_authority.go:72.38,74.4 1 0
github.com/sogko/slumber/middlewares/token_authority.go:75.36,77.4 1 0
github.com/sogko/slumber/middlewares/token_authority.go:78.35,79.63 1 0
github.com/sogko/slumber/middlewares/token_authority.go:79.63,80.20 1 0
github.com/sogko/slumber/middlewares/token_authority.go:80.20,82.6 1 0
github.com/sogko/slumber/middlewares/token_authority.go:85.33,87.4 1 0
github.com/sogko/slumber/middlewares/token_authority.go:88.33,90.4 1 0
github.com/sogko/slumber/middlewares/token_authority.go:91.33,93.4 1 0
github.com/sogko/slumber/middlewares/token_authority.go:98.121,102.2 2 0
github.com/sogko/slumber/middlewares/access_controller.go:12.46,16.2 3 12
github.com/sogko/slumber/middlewares/access_controller.go:23.56,25.2 1 14
github.com/sogko/slumber/middlewares/access_controller.go:27.59,30.2 2 3
github.com/sogko/slumber/middlewares/access_controller.go:32.142,34.15 2 4
github.com/sogko/slumber/middlewares/access_controller.go:39.2,40.19 2 3
github.com/sogko/slumber/middlewares/access_controller.go:43.2,43.24 1 3
github.com/sogko/slumber/middlewares/access_controller.go:34.15,37.3 1 1
github.com/sogko/slumber/middlewares/access_controller.go:40.19,42.3 1 3
github.com/sogko/slumber/middlewares/access_controller.go:46.113,47.77 1 0
github.com/sogko/slumber/middlewares/access_controller.go:47.77,55.14 4 0
github.com/sogko/slumber/middlewares/access_controller.go:63.3,63.23 1 0
github.com/sogko/slumber/middlewares/access_controller.go:55.14,61.4 2 0
github.com/sogko/slumber/middlewares/auth.go:14.40,16.2 1 0
github.com/sogko/slumber/middlewares/auth.go:18.122,25.28 5 0
github.com/sogko/slumber/middlewares/auth.go:75.2,75.14 1 0
github.com/sogko/slumber/middlewares/auth.go:25.28,27.86 2 0
github.com/sogko/slumber/middlewares/auth.go:34.3,36.17 3 0
github.com/sogko/slumber/middlewares/auth.go:43.3,43.19 1 0
github.com/sogko/slumber/middlewares/auth.go:53.3,54.50 2 0
github.com/sogko/slumber/middlewares/auth.go:63.3,69.17 4 0
github.com/sogko/slumber/middlewares/auth.go:73.3,73.35 1 0
github.com/sogko/slumber/middlewares/auth.go:27.86,33.4 2 0
github.com/sogko/slumber/middlewares/auth.go:36.17,42.4 2 0
github.com/sogko/slumber/middlewares/auth.go:43.19,49.4 2 0
github.com/sogko/slumber/middlewares/auth.go:54.50,60.4 2 0
github.com/sogko/slumber/middlewares/auth.go:69.17,72.4 1 0
github.com/sogko/slumber/middlewares/context.go:22.28,24.2 1 12
github.com/sogko/slumber/middlewares/context.go:30.207,31.78 1 0
github.com/sogko/slumber/middlewares/context.go:31.78,33.3 1 0
github.com/sogko/slumber/middlewares/context.go:36.80,37.55 1 0
github.com/sogko/slumber/middlewares/context.go:37.55,39.3 1 0
github.com/sogko/slumber/middlewares/context.go:42.76,44.2 1 0
github.com/sogko/slumber/middlewares/context.go:46.71,48.2 1 0
github.com/sogko/slumber/middlewares/context.go:51.83,54.2 2 0
github.com/sogko/slumber/middlewares/context.go:57.64,58.45 1 0
github.com/sogko/slumber/middlewares/context.go:61.2,61.24 1 0
github.com/sogko/slumber/middlewares/context.go:58.45,60.3 1 0
github.com/sogko/slumber/middlewares/context.go:65.86,68.2 2 0
github.com/sogko/slumber/middlewares/context.go:71.64,72.44 1 0
github.com/sogko/slumber/middlewares/context.go:75.2,75.12 1 0
github.com/sogko/slumber/middlewares/context.go:72.44,74.3 1 0
github.com/sogko/slumber/middlewares/context.go:79.92,82.2 2 0
github.com/sogko/slumber/middlewares/context.go:85.70,86.48 1 0
github.com/sogko/slumber/middlewares/context.go:89.2,89.12 1 0
github.com/sogko/slumber/middlewares/context.go:86.48,88.3 1 0
github.com/sogko/slumber/middlewares/context.go:93.109,96.2 2 0
github.com/sogko/slumber/middlewares/context.go:99.84,100.51 1 0
github.com/sogko/slumber/middlewares/context.go:103.2,103.12 1 0
github.com/sogko/slumber/middlewares/context.go:100.51,102.3 1 0
github.com/sogko/slumber/middlewares/context.go:107.110,110.2 2 0
github.com/sogko/slumber/middlewares/context.go:113.82,114.54 1 0
github.com/sogko/slumber/middlewares/context.go:117.2,117.12 1 0
github.com/sogko/slumber/middlewares/context.go:114.54,116.3 1 0
github.com/sogko/slumber/middlewares/context.go:121.87,124.2 2 0
github.com/sogko/slumber/middlewares/context.go:127.69,128.51 1 0
github.com/sogko/slumber/middlewares/context.go:131.2,131.12 1 0
github.com/sogko/slumber/middlewares/context.go:128.51,130.3 1 0
github.com/sogko/slumber/middlewares/context.go:135.87,138.2 2 4
github.com/sogko/slumber/middlewares/context.go:141.70,142.53 1 3
github.com/sogko/slumber/middlewares/context.go:145.2,145.12 1 0
github.com/sogko/slumber/middlewares/context.go:142.53,144.3 1 3
github.com/sogko/slumber/middlewares/context.go:149.122,152.2 2 0
github.com/sogko/slumber/middlewares/context.go:155.90,156.58 1 0
github.com/sogko/slumber/middlewares/context.go:159.2,159.12 1 0
github.com/sogko/slumber/middlewares/context.go:156.58,158.3 1 0
github.com/sogko/slumber/server/router.go:18.173,19.58 1 8
github.com/sogko/slumber/server/router.go:19.58,24.35 3 6
github.com/sogko/slumber/server/router.go:43.3,44.14 2 6
github.com/sogko/slumber/server/router.go:24.35,27.81 2 6
github.com/sogko/slumber/server/router.go:32.4,33.19 2 4
github.com/sogko/slumber/server/router.go:36.4,36.79 1 3
github.com/sogko/slumber/server/router.go:27.81,28.13 1 2
github.com/sogko/slumber/server/router.go:33.19,34.13 1 1
github.com/sogko/slumber/server/router.go:36.79,39.10 2 1
github.com/sogko/slumber/server/router.go:49.97,50.19 1 10
github.com/sogko/slumber/server/router.go:55.2,57.32 2 9
github.com/sogko/slumber/server/router.go:76.2,76.24 1 8
github.com/sogko/slumber/server/router.go:50.19,54.3 1 1
github.com/sogko/slumber/server/router.go:57.32,62.10 2 9
github.com/sogko/slumber/server/router.go:69.3,73.60 1 8
github.com/sogko/slumber/server/router.go:62.10,67.4 1 1
github.com/sogko/slumber/server/server.go:32.41,44.27 5 10
github.com/sogko/slumber/server/server.go:50.2,53.29 2 10
github.com/sogko/slumber/server/server.go:59.2,59.29 1 8
github.com/sogko/slumber/server/server.go:64.2,64.35 1 8
github.com/sogko/slumber/server/server.go:69.2,73.36 3 8
github.com/sogko/slumber/server/server.go:76.2,79.10 3 8
github.com/sogko/slumber/server/server.go:44.27,46.3 1 6
github.com/sogko/slumber/server/server.go:53.29,57.3 3 8
github.com/sogko/slumber/server/server.go:59.29,62.3 2 8
github.com/sogko/slumber/server/server.go:64.35,67.3 2 8
github.com/sogko/slumber/server/server.go:73.36,75.3 1 8
github.com/sogko/slumber/server/server.go:82.142,85.2 2 40
github.com/sogko/slumber/server/server.go:87.40,91.2 2 8
github.com/sogko/slumber/server/server.go:93.46,96.2 2 0
github.com/sogko/slumber/server/server.go:98.76,101.2 2 6
github.com/sogko/slumber/sessions/sessions_controllers.go:32.89,41.2 3 2
github.com/sogko/slumber/sessions/sessions_controllers.go:44.92,51.16 6 11
github.com/sogko/slumber/sessions/sessions_controllers.go:55.2,55.25 1 9
github.com/sogko/slumber/sessions/sessions_controllers.go:60.2,62.16 3 7
github.com/sogko/slumber/sessions/sessions_controllers.go:67.2,67.48 1 5
github.com/sogko/slumber/sessions/sessions_controllers.go:72.2,73.34 2 3
github.com/sogko/slumber/sessions/sessions_controllers.go:77.2,84.16 2 3
github.com/sogko/slumber/sessions/sessions_controllers.go:90.2,91.40 2 3
github.com/sogko/slumber/sessions/sessions_controllers.go:102.2,106.4 1 2
github.com/sogko/slumber/sessions/sessions_controllers.go:51.16,53.3 1 2
github.com/sogko/slumber/sessions/sessions_controllers.go:55.25,58.3 2 2
github.com/sogko/slumber/sessions/sessions_controllers.go:62.16,65.3 2 2
github.com/sogko/slumber/sessions/sessions_controllers.go:67.48,70.3 2 2
github.com/sogko/slumber/sessions/sessions_controllers.go:73.34,75.3 1 3
github.com/sogko/slumber/sessions/sessions_controllers.go:84.16,87.3 2 0
github.com/sogko/slumber/sessions/sessions_controllers.go:91.40,95.17 2 3
github.com/sogko/slumber/sessions/sessions_controllers.go:95.17,98.4 2 1
github.com/sogko/slumber/sessions/sessions_controllers.go:110.92,116.54 5 8
github.com/sogko/slumber/sessions/sessions_controllers.go:134.2,139.16 3 5
github.com/sogko/slumber/sessions/sessions_controllers.go:144.2,144.40 1 5
github.com/sogko/slumber/sessions/sessions_controllers.go:154.2,157.4 1 4
github.com/sogko/slumber/sessions/sessions_controllers.go:116.54,118.41 1 3
github.com/sogko/slumber/sessions/sessions_controllers.go:128.3,132.9 2 2
github.com/sogko/slumber/sessions/sessions_controllers.go:118.41,122.18 2 3
github.com/sogko/slumber/sessions/sessions_controllers.go:122.18,125.5 2 1
github.com/sogko/slumber/sessions/sessions_controllers.go:139.16,141.3 1 0
github.com/sogko/slumber/sessions/sessions_controllers.go:144.40,148.17 2 5
github.com/sogko/slumber/sessions/sessions_controllers.go:148.17,151.4 2 1
github.com/sogko/slumber/sessions/sessions_acl.go:9.93,10.18 1 4
github.com/sogko/slumber/sessions/sessions_acl.go:13.3,13.18 1 2
github.com/sogko/slumber/sessions/sessions_acl.go:10.18,12.4 1 2
github.com/sogko/slumber/sessions/sessions_acl.go:15.96,18.3 1 11
github.com/sogko/slumber/sessions/sessions_acl.go:19.96,22.3 1 8
github.com/sogko/slumber/controllers/helpers.go:21.115,24.16 3 3
github.com/sogko/slumber/controllers/helpers.go:28.2,28.12 1 2
github.com/sogko/slumber/controllers/helpers.go:24.16,27.3 2 1
github.com/sogko/slumber/controllers/helpers.go:32.110,37.2 1 2
github.com/sogko/slumber/domain/routes.go:24.51,27.27 2 4
github.com/sogko/slumber/domain/routes.go:30.2,30.33 1 4
github.com/sogko/slumber/domain/routes.go:35.2,35.12 1 4
github.com/sogko/slumber/domain/routes.go:27.27,29.3 1 5
github.com/sogko/slumber/domain/routes.go:30.33,31.34 1 5
github.com/sogko/slumber/domain/routes.go:31.34,33.4 1 5
github.com/sogko/slumber/domain/middleware.go:9.103,11.2 1 0
github.com/sogko/slumber/domain/users.go:46.34,53.2 1 0
github.com/sogko/slumber/domain/users.go:56.52,58.2 1 0
github.com/sogko/slumber/domain/users.go:61.63,64.2 2 0
github.com/sogko/slumber/domain/users.go:67.54,71.16 3 0
github.com/sogko/slumber/domain/users.go:74.2,75.12 2 0
github.com/sogko/slumber/domain/users.go:71.16,73.3 1 0
github.com/sogko/slumber/domain/users.go:79.46,81.2 1 0
github.com/sogko/slumber/domain/users.go:84.37,88.2 2 0
github.com/sogko/slumber/domain/users.go:90.40,91.31 1 0
github.com/sogko/slumber/domain/users.go:96.2,96.14 1 0
github.com/sogko/slumber/domain/users.go:91.31,92.13 1 0
github.com/sogko/slumber/domain/users.go:92.13,94.4 1 0
github.com/sogko/slumber/domain/accept_headers.go:28.59,33.47 2 24
github.com/sogko/slumber/domain/accept_headers.go:78.2,80.42 3 24
github.com/sogko/slumber/domain/accept_headers.go:92.2,92.16 1 24
github.com/sogko/slumber/domain/accept_headers.go:33.47,44.53 6 30
github.com/sogko/slumber/domain/accept_headers.go:58.3,59.22 2 30
github.com/sogko/slumber/domain/accept_headers.go:64.3,70.43 5 24
github.com/sogko/slumber/domain/accept_headers.go:75.3,75.19 1 24
github.com/sogko/slumber/domain/accept_headers.go:44.53,46.45 2 18
github.com/sogko/slumber/domain/accept_headers.go:46.45,48.20 2 24
github.com/sogko/slumber/domain/accept_headers.go:51.5,51.19 1 24
github.com/sogko/slumber/domain/accept_headers.go:48.20,50.6 1 2
github.com/sogko/slumber/domain/accept_headers.go:51.19,53.6 1 22
github.com/sogko/slumber/domain/accept_headers.go:59.22,61.4 1 6
github.com/sogko/slumber/domain/accept_headers.go:70.43,73.4 2 10
github.com/sogko/slumber/domain/accept_headers.go:80.42,83.41 3 30
github.com/sogko/slumber/domain/accept_headers.go:90.3,90.36 1 30
github.com/sogko/slumber/domain/accept_headers.go:83.41,85.18 2 12
github.com/sogko/slumber/domain/accept_headers.go:88.4,88.28 1 12
github.com/sogko/slumber/domain/accept_headers.go:85.18,87.5 1 2
github.com/sogko/slumber/domain/access_controller.go:11.49,14.23 2 6
github.com/sogko/slumber/domain/access_controller.go:17.2,17.29 1 6
github.com/sogko/slumber/domain/access_controller.go:22.2,22.12 1 6
github.com/sogko/slumber/domain/access_controller.go:14.23,16.3 1 6
github.com/sogko/slumber/domain/access_controller.go:17.29,18.28 1 9
github.com/sogko/slumber/domain/access_controller.go:18.28,20.4 1 9
github.com/sogko/slumber/middlewares/controller_hooks.go:12.131,15.2 2 0
github.com/sogko/slumber/middlewares/database.go:16.59,20.2 3 0
github.com/sogko/slumber/middlewares/database.go:34.57,39.35 2 0
github.com/sogko/slumber/middlewares/database.go:43.2,44.16 2 0
github.com/sogko/slumber/middlewares/database.go:47.2,48.47 2 0
github.com/sogko/slumber/middlewares/database.go:39.35,41.3 1 0
github.com/sogko/slumber/middlewares/database.go:44.16,46.3 1 0
github.com/sogko/slumber/middlewares/database.go:51.87,53.2 1 0
github.com/sogko/slumber/middlewares/database.go:55.111,56.16 1 0
github.com/sogko/slumber/middlewares/database.go:59.2,59.77 1 0
github.com/sogko/slumber/middlewares/database.go:56.16,58.3 1 0
github.com/sogko/slumber/middlewares/database.go:62.72,64.2 1 0
github.com/sogko/slumber/middlewares/database.go:66.63,68.2 1 0
github.com/sogko/slumber/middlewares/database.go:70.108,73.2 2 0
github.com/sogko/slumber/middlewares/database.go:75.69,77.2 1 0
github.com/sogko/slumber/middlewares/database.go:79.69,82.2 2 0
github.com/sogko/slumber/middlewares/database.go:84.54,86.2 1 0
github.com/sogko/slumber/middlewares/database.go:88.65,92.2 3 0
github.com/sogko/slumber/middlewares/database.go:93.41,95.2 1 0
github.com/sogko/slumber/middlewares/database.go:97.68,99.2 1 0
github.com/sogko/slumber/middlewares/database.go:108.126,117.2 5 0
github.com/sogko/slumber/middlewares/renderer.go:18.68,21.2 2 0
github.com/sogko/slumber/middlewares/renderer.go:24.121,29.2 2 0
github.com/sogko/slumber/middlewares/renderer.go:31.82,33.2 1 0
github.com/sogko/slumber/middlewares/renderer.go:35.77,37.2 1 0
github.com/sogko/slumber/middlewares/renderer.go:38.77,41.2 2 0
github.com/sogko/slumber/middlewares/token_authority.go:12.27,19.2 1 0
github.com/sogko/slumber/middlewares/token_authority.go:21.79,23.20 2 0
github.com/sogko/slumber/middlewares/token_authority.go:26.2,26.12 1 0
github.com/sogko/slumber/middlewares/token_authority.go:23.20,25.3 1 0
github.com/sogko/slumber/middlewares/token_authority.go:38.93,54.2 4 0
github.com/sogko/slumber/middlewares/token_authority.go:56.105,57.80 1 0
github.com/sogko/slumber/middlewares/token_authority.go:63.2,63.16 1 0
github.com/sogko/slumber/middlewares/token_authority.go:67.2,68.17 2 0
github.com/sogko/slumber/middlewares/token_authority.go:96.2,96.43 1 0
github.com/sogko/slumber/middlewares/token_authority.go:57.80,58.57 1 0
github.com/sogko/slumber/middlewares/token_authority.go:61.3,61.42 1 0
github.com/sogko/slumber/middlewares/token_authority.go:58.57,60.4 1 0
github.com/sogko/slumber/middlewares/token_authority.go:63.16,65.3 1 0
github.com/sogko/slumber/middlewares/token_authority.go:68.17,69.36 1 0
github.com/sogko/slumber/middlewares/token_authority.go:72.3,72.38 1 0
github.com/sogko/slumber/middlewares/token_authority.go:75.3,75.36 1 0
github.com/sogko/slumber/middlewares/token_authority.go:78.3,78.35 1 0
github.com/sogko/slumber/middlewares/token_authority.go:85.3,85.33 1 0
github.com/sogko/slumber/middlewares/token_authority.go:88.3,88.33 1 0
github.com/sogko/slumber/middlewares/token_authority.go:91.3,91.33 1 0
github.com/sogko/slumber/middlewares/token_authority.go:69.36,71.4 1 0
github.com/sogko/slumber/middlewares/token_authority.go:72.38,74.4 1 0
github.com/sogko/slumber/middlewares/token_authority.go:75.36,77.4 1 0
github.com/sogko/slumber/middlewares/token_authority.go:78.35,79.63 1 0
github.com/sogko/slumber/middlewares/token_authority.go:79.63,80.20 1 0
github.com/sogko/slumber/middlewares/token_authority.go:80.20,82.6 1 0
github.com/sogko/slumber/middlewares/token_authority.go:85.33,87.4 1 0
github.com/sogko/slumber/middlewares/token_authority.go:88.33,90.4 1 0
github.com/sogko/slumber/middlewares/token_authority.go:91.33,93.4 1 0
github.com/sogko/slumber/middlewares/token_authority.go:98.121,102.2 2 0
github.com/sogko/slumber/middlewares/access_controller.go:12.46,16.2 3 12
github.com/sogko/slumber/middlewares/access_controller.go:23.56,25.2 1 14
github.com/sogko/slumber/middlewares/access_controller.go:27.59,30.2 2 3
github.com/sogko/slumber/middlewares/access_controller.go:32.142,34.15 2 4
github.com/sogko/slumber/middlewares/access_controller.go:39.2,40.19 2 3
github.com/sogko/slumber/middlewares/access_controller.go:43.2,43.24 1 3
github.com/sogko/slumber/middlewares/access_controller.go:34.15,37.3 1 1
github.com/sogko/slumber/middlewares/access_controller.go:40.19,42.3 1 3
github.com/sogko/slumber/middlewares/access_controller.go:46.113,47.77 1 0
github.com/sogko/slumber/middlewares/access_controller.go:47.77,55.14 4 0
github.com/sogko/slumber/middlewares/access_controller.go:63.3,63.23 1 0
github.com/sogko/slumber/middlewares/access_controller.go:55.14,61.4 2 0
github.com/sogko/slumber/middlewares/auth.go:14.40,16.2 1 0
github.com/sogko/slumber/middlewares/auth.go:18.122,25.28 5 0
github.com/sogko/slumber/middlewares/auth.go:75.2,75.14 1 0
github.com/sogko/slumber/middlewares/auth.go:25.28,27.86 2 0
github.com/sogko/slumber/middlewares/auth.go:34.3,36.17 3 0
github.com/sogko/slumber/middlewares/auth.go:43.3,43.19 1 0
github.com/sogko/slumber/middlewares/auth.go:53.3,54.50 2 0
github.com/sogko/slumber/middlewares/auth.go:63.3,69.17 4 0
github.com/sogko/slumber/middlewares/auth.go:73.3,73.35 1 0
github.com/sogko/slumber/middlewares/auth.go:27.86,33.4 2 0
github.com/sogko/slumber/middlewares/auth.go:36.17,42.4 2 0
github.com/sogko/slumber/middlewares/auth.go:43.19,49.4 2 0
github.com/sogko/slumber/middlewares/auth.go:54.50,60.4 2 0
github.com/sogko/slumber/middlewares/auth.go:69.17,72.4 1 0
github.com/sogko/slumber/middlewares/context.go:22.28,24.2 1 12
github.com/sogko/slumber/middlewares/context.go:30.207,31.78 1 0
github.com/sogko/slumber/middlewares/context.go:31.78,33.3 1 0
github.com/sogko/slumber/middlewares/context.go:36.80,37.55 1 0
github.com/sogko/slumber/middlewares/context.go:37.55,39.3 1 0
github.com/sogko/slumber/middlewares/context.go:42.76,44.2 1 0
github.com/sogko/slumber/middlewares/context.go:46.71,48.2 1 0
github.com/sogko/slumber/middlewares/context.go:51.83,54.2 2 0
github.com/sogko/slumber/middlewares/context.go:57.64,58.45 1 0
github.com/sogko/slumber/middlewares/context.go:61.2,61.24 1 0
github.com/sogko/slumber/middlewares/context.go:58.45,60.3 1 0
github.com/sogko/slumber/middlewares/context.go:65.86,68.2 2 0
github.com/sogko/slumber/middlewares/context.go:71.64,72.44 1 0
github.com/sogko/slumber/middlewares/context.go:75.2,75.12 1 0
github.com/sogko/slumber/middlewares/context.go:72.44,74.3 1 0
github.com/sogko/slumber/middlewares/context.go:79.92,82.2 2 0
github.com/sogko/slumber/middlewares/context.go:85.70,86.48 1 0
github.com/sogko/slumber/middlewares/context.go:89.2,89.12 1 0
github.com/sogko/slumber/middlewares/context.go:86.48,88.3 1 0
github.com/sogko/slumber/middlewares/context.go:93.109,96.2 2 0
github.com/sogko/slumber/middlewares/context.go:99.84,100.51 1 0
github.com/sogko/slumber/middlewares/context.go:103.2,103.12 1 0
github.com/sogko/slumber/middlewares/context.go:100.51,102.3 1 0
github.com/sogko/slumber/middlewares/context.go:107.110,110.2 2 0
github.com/sogko/slumber/middlewares/context.go:113.82,114.54 1 0
github.com/sogko/slumber/middlewares/context.go:117.2,117.12 1 0
github.com/sogko/slumber/middlewares/context.go:114.54,116.3 1 0
github.com/sogko/slumber/middlewares/context.go:121.87,124.2 2 0
github.com/sogko/slumber/middlewares/context.go:127.69,128.51 1 0
github.com/sogko/slumber/middlewares/context.go:131.2,131.12 1 0
github.com/sogko/slumber/middlewares/context.go:128.51,130.3 1 0
github.com/sogko/slumber/middlewares/context.go:135.87,138.2 2 4
github.com/sogko/slumber/middlewares/context.go:141.70,142.53 1 3
github.com/sogko/slumber/middlewares/context.go:145.2,145.12 1 0
github.com/sogko/slumber/middlewares/context.go:142.53,144.3 1 3
github.com/sogko/slumber/middlewares/context.go:149.122,152.2 2 0
github.com/sogko/slumber/middlewares/context.go:155.90,156.58 1 0
github.com/sogko/slumber/middlewares/context.go:159.2,159.12 1 0
github.com/sogko/slumber/middlewares/context.go:156.58,158.3 1 0
github.com/sogko/slumber/server/router.go:18.173,19.58 1 8
github.com/sogko/slumber/server/router.go:19.58,24.35 3 6
github.com/sogko/slumber/server/router.go:43.3,44.14 2 6
github.com/sogko/slumber/server/router.go:24.35,27.81 2 6
github.com/sogko/slumber/server/router.go:32.4,33.19 2 4
github.com/sogko/slumber/server/router.go:36.4,36.79 1 3
github.com/sogko/slumber/server/router.go:27.81,28.13 1 2
github.com/sogko/slumber/server/router.go:33.19,34.13 1 1
github.com/sogko/slumber/server/router.go:36.79,39.10 2 1
github.com/sogko/slumber/server/router.go:49.97,50.19 1 10
github.com/sogko/slumber/server/router.go:55.2,57.32 2 9
github.com/sogko/slumber/server/router.go:76.2,76.24 1 8
github.com/sogko/slumber/server/router.go:50.19,54.3 1 1
github.com/sogko/slumber/server/router.go:57.32,62.10 2 9
github.com/sogko/slumber/server/router.go:69.3,73.60 1 8
github.com/sogko/slumber/server/router.go:62.10,67.4 1 1
github.com/sogko/slumber/server/server.go:32.41,44.27 5 10
github.com/sogko/slumber/server/server.go:50.2,53.29 2 10
github.com/sogko/slumber/server/server.go:59.2,59.29 1 8
github.com/sogko/slumber/server/server.go:64.2,64.35 1 8
github.com/sogko/slumber/server/server.go:69.2,73.36 3 8
github.com/sogko/slumber/server/server.go:76.2,79.10 3 8
github.com/sogko/slumber/server/server.go:44.27,46.3 1 6
github.com/sogko/slumber/server/server.go:53.29,57.3 3 8
github.com/sogko/slumber/server/server.go:59.29,62.3 2 8
github.com/sogko/slumber/server/server.go:64.35,67.3 2 8
github.com/sogko/slumber/server/server.go:73.36,75.3 1 8
github.com/sogko/slumber/server/server.go:82.142,85.2 2 40
github.com/sogko/slumber/server/server.go:87.40,91.2 2 8
github.com/sogko/slumber/server/server.go:93.46,96.2 2 0
github.com/sogko/slumber/server/server.go:98.76,101.2 2 6
github.com/sogko/slumber/sessions/sessions_acl.go:9.93,10.18 1 4
github.com/sogko/slumber/sessions/sessions_acl.go:13.3,13.18 1 2
github.com/sogko/slumber/sessions/sessions_acl.go:10.18,12.4 1 2
github.com/sogko/slumber/sessions/sessions_acl.go:15.96,18.3 1 11
github.com/sogko/slumber/sessions/sessions_acl.go:19.96,22.3 1 8
github.com/sogko/slumber/sessions/sessions_controllers.go:32.89,41.2 3 2
github.com/sogko/slumber/sessions/sessions_controllers.go:44.92,51.16 6 11
github.com/sogko/slumber/sessions/sessions_controllers.go:55.2,55.25 1 9
github.com/sogko/slumber/sessions/sessions_controllers.go:60.2,62.16 3 7
github.com/sogko/slumber/sessions/sessions_controllers.go:67.2,67.48 1 5
github.com/sogko/slumber/sessions/sessions_controllers.go:72.2,73.34 2 3
github.com/sogko/slumber/sessions/sessions_controllers.go:77.2,84.16 2 3
github.com/sogko/slumber/sessions/sessions_controllers.go:90.2,91.40 2 3
github.com/sogko/slumber/sessions/sessions_controllers.go:102.2,106.4 1 2
github.com/sogko/slumber/sessions/sessions_controllers.go:51.16,53.3 1 2
github.com/sogko/slumber/sessions/sessions_controllers.go:55.25,58.3 2 2
github.com/sogko/slumber/sessions/sessions_controllers.go:62.16,65.3 2 2
github.com/sogko/slumber/sessions/sessions_controllers.go:67.48,70.3 2 2
github.com/sogko/slumber/sessions/sessions_controllers.go:73.34,75.3 1 3
github.com/sogko/slumber/sessions/sessions_controllers.go:84.16,87.3 2 0
github.com/sogko/slumber/sessions/sessions_controllers.go:91.40,95.17 2 3
github.com/sogko/slumber/sessions/sessions_controllers.go:95.17,98.4 2 1
github.com/sogko/slumber/sessions/sessions_controllers.go:110.92,116.54 5 8
github.com/sogko/slumber/sessions/sessions_controllers.go:134.2,139.16 3 5
github.com/sogko/slumber/sessions/sessions_controllers.go:144.2,144.40 1 5
github.com/sogko/slumber/sessions/sessions_controllers.go:154.2,157.4 1 4
github.com/sogko/slumber/sessions/sessions_controllers.go:116.54,118.41 1 3
github.com/sogko/slumber/sessions/sessions_controllers.go:128.3,132.9 2 2
github.com/sogko/slumber/sessions/sessions_controllers.go:118.41,122.18 2 3
github.com/sogko/slumber/sessions/sessions_controllers.go:122.18,125.5 2 1
github.com/sogko/slumber/sessions/sessions_controllers.go:139.16,141.3 1 0
github.com/sogko/slumber/sessions/sessions_controllers.go:144.40,148.17 2 5
github.com/sogko/slumber/sessions/sessions_controllers.go:148.17,151.4 2 1
github.com/sogko/slumber/controllers/helpers.go:21.115,24.16 3 3
github.com/sogko/slumber/controllers/helpers.go:28.2,28.12 1 2
github.com/sogko/slumber/controllers/helpers.go:24.16,27.3 2 1
github.com/sogko/slumber/controllers/helpers.go:32.110,37.2 1 2
github.com/sogko/slumber/domain/middleware.go:9.103,11.2 1 0
github.com/sogko/slumber/domain/users.go:46.34,53.2 1 0
github.com/sogko/slumber/domain/users.go:56.52,58.2 1 0
github.com/sogko/slumber/domain/users.go:61.63,64.2 2 0
github.com/sogko/slumber/domain/users.go:67.54,71.16 3 0
github.com/sogko/slumber/domain/users.go:74.2,75.12 2 0
github.com/sogko/slumber/domain/users.go:71.16,73.3 1 0
github.com/sogko/slumber/domain/users.go:79.46,81.2 1 0
github.com/sogko/slumber/domain/users.go:84.37,88.2 2 0
github.com/sogko/slumber/domain/users.go:90.40,91.31 1 0
github.com/sogko/slumber/domain/users.go:96.2,96.14 1 0
github.com/sogko/slumber/domain/users.go:91.31,92.13 1 0
github.com/sogko/slumber/domain/users.go:92.13,94.4 1 0
github.com/sogko/slumber/domain/accept_headers.go:28.59,33.47 2 12
github.com/sogko/slumber/domain/accept_headers.go:78.2,80.42 3 12
github.com/sogko/slumber/domain/accept_headers.go:92.2,92.16 1 12
github.com/sogko/slumber/domain/accept_headers.go:33.47,44.53 6 15
github.com/sogko/slumber/domain/accept_headers.go:58.3,59.22 2 15
github.com/sogko/slumber/domain/accept_headers.go:64.3,70.43 5 12
github.com/sogko/slumber/domain/accept_headers.go:75.3,75.19 1 12
github.com/sogko/slumber/domain/accept_headers.go:44.53,46.45 2 9
github.com/sogko/slumber/domain/accept_headers.go:46.45,48.20 2 12
github.com/sogko/slumber/domain/accept_headers.go:51.5,51.19 1 12
github.com/sogko/slumber/domain/accept_headers.go:48.20,50.6 1 1
github.com/sogko/slumber/domain/accept_headers.go:51.19,53.6 1 11
github.com/sogko/slumber/domain/accept_headers.go:59.22,61.4 1 3
github.com/sogko/slumber/domain/accept_headers.go:70.43,73.4 2 5
github.com/sogko/slumber/domain/accept_headers.go:80.42,83.41 3 15
github.com/sogko/slumber/domain/accept_headers.go:90.3,90.36 1 15
github.com/sogko/slumber/domain/accept_headers.go:83.41,85.18 2 6
github.com/sogko/slumber/domain/accept_headers.go:88.4,88.28 1 6
github.com/sogko/slumber/domain/accept_headers.go:85.18,87.5 1 1
github.com/sogko/slumber/domain/routes.go:24.51,27.27 2 4
github.com/sogko/slumber/domain/routes.go:30.2,30.33 1 4
github.com/sogko/slumber/domain/routes.go:35.2,35.12 1 4
github.com/sogko/slumber/domain/routes.go:27.27,29.3 1 5
github.com/sogko/slumber/domain/routes.go:30.33,31.34 1 5
github.com/sogko/slumber/domain/routes.go:31.34,33.4 1 5
github.com/sogko/slumber/domain/access_controller.go:11.49,14.23 2 6
github.com/sogko/slumber/domain/access_controller.go:17.2,17.29 1 6
github.com/sogko/slumber/domain/access_controller.go:22.2,22.12 1 6
github.com/sogko/slumber/domain/access_controller.go:14.23,16.3 1 6
github.com/sogko/slumber/domain/access_controller.go:17.29,18.28 1 9
github.com/sogko/slumber/domain/access_controller.go:18.28,20.4 1 9
github.com/sogko/slumber/middlewares/database.go:16.59,20.2 3 0
github.com/sogko/slumber/middlewares/database.go:34.57,39.35 2 0
github.com/sogko/slumber/middlewares/database.go:43.2,44.16 2 0
github.com/sogko/slumber/middlewares/database.go:47.2,48.47 2 0
github.com/sogko/slumber/middlewares/database.go:39.35,41.3 1 0
github.com/sogko/slumber/middlewares/database.go:44.16,46.3 1 0
github.com/sogko/slumber/middlewares/database.go:51.87,53.2 1 0
github.com/sogko/slumber/middlewares/database.go:55.111,56.16 1 0
github.com/sogko/slumber/middlewares/database.go:59.2,59.77 1 0
[...]
github.com/sogko/slumber/users/users_controllers.go:269.38,273.17 2 3
github.com/sogko/slumber/users/users_controllers.go:273.17,276.4 2 1
github.com/sogko/slumber/users/users_controllers.go:288.86,296.16 7 7
github.com/sogko/slumber/users/users_controllers.go:301.2,305.4 1 3
github.com/sogko/slumber/users/users_controllers.go:296.16,299.3 2 4
github.com/sogko/slumber/users/users_controllers.go:309.89,317.16 7 15
github.com/sogko/slumber/users/users_controllers.go:321.2,323.16 3 13
github.com/sogko/slumber/users/users_controllers.go:328.2,332.4 1 9
github.com/sogko/slumber/users/users_controllers.go:317.16,319.3 1 2
github.com/sogko/slumber/users/users_controllers.go:323.16,326.3 2 4
github.com/sogko/slumber/users/users_controllers.go:336.89,345.16 7 6
github.com/sogko/slumber/users/users_controllers.go:350.2,353.4 1 2
github.com/sogko/slumber/users/users_controllers.go:345.16,348.3 2 4
github.com/sogko/slumber/users/users_controllers.go:356.89,372.2 7 4
github.com/sogko/slumber/users/users_acl.go:11.92,12.18 1 6
github.com/sogko/slumber/users/users_acl.go:16.3,16.41 1 5
github.com/sogko/slumber/users/users_acl.go:20.3,20.18 1 4
github.com/sogko/slumber/users/users_acl.go:12.18,15.4 1 1
github.com/sogko/slumber/users/users_acl.go:16.41,19.4 1 1
github.com/sogko/slumber/users/users_acl.go:22.90,25.3 1 7
github.com/sogko/slumber/users/users_acl.go:26.93,31.18 1 16
github.com/sogko/slumber/users/users_acl.go:35.3,35.41 1 14
github.com/sogko/slumber/users/users_acl.go:39.3,39.38 1 13
github.com/sogko/slumber/users/users_acl.go:43.3,43.18 1 12
github.com/sogko/slumber/users/users_acl.go:31.18,34.4 1 2
github.com/sogko/slumber/users/users_acl.go:35.41,38.4 1 1
github.com/sogko/slumber/users/users_acl.go:39.38,42.4 1 1
github.com/sogko/slumber/users/users_acl.go:45.94,46.18 1 13
github.com/sogko/slumber/users/users_acl.go:50.3,50.41 1 12
github.com/sogko/slumber/users/users_acl.go:54.3,54.38 1 11
github.com/sogko/slumber/users/users_acl.go:59.3,59.18 1 10
github.com/sogko/slumber/users/users_acl.go:46.18,49.4 1 1
github.com/sogko/slumber/users/users_acl.go:50.41,53.4 1 1
github.com/sogko/slumber/users/users_acl.go:54.38,57.4 1 1
github.com/sogko/slumber/users/users_acl.go:61.97,62.18 1 7
github.com/sogko/slumber/users/users_acl.go:66.3,66.41 1 6
github.com/sogko/slumber/users/users_acl.go:70.3,70.38 1 5
github.com/sogko/slumber/users/users_acl.go:75.3,75.18 1 4
github.com/sogko/slumber/users/users_acl.go:62.18,65.4 1 1
github.com/sogko/slumber/users/users_acl.go:66.41,69.4 1 1
github.com/sogko/slumber/users/users_acl.go:70.38,73.4 1 1
github.com/sogko/slumber/users/users_acl.go:77.94,80.3 1 15
github.com/sogko/slumber/users/users_acl.go:81.93,87.18 5 18
github.com/sogko/slumber/users/users_acl.go:91.3,91.41 1 17
github.com/sogko/slumber/users/users_acl.go:95.3,95.37 1 16
github.com/sogko/slumber/users/users_acl.go:101.3,102.52 2 3
github.com/sogko/slumber/users/users_acl.go:107.3,107.19 1 1
github.com/sogko/slumber/users/users_acl.go:87.18,90.4 1 1
github.com/sogko/slumber/users/users_acl.go:91.41,94.4 1 1
github.com/sogko/slumber/users/users_acl.go:95.37,98.4 1 13
github.com/sogko/slumber/users/users_acl.go:102.52,105.4 1 2
github.com/sogko/slumber/users/users_acl.go:109.93,111.18 1 9
github.com/sogko/slumber/users/users_acl.go:115.3,115.41 1 8
github.com/sogko/slumber/users/users_acl.go:119.3,119.38 1 7
github.com/sogko/slumber/users/users_acl.go:124.3,124.18 1 6
github.com/sogko/slumber/users/users_acl.go:111.18,114.4 1 1
github.com/sogko/slumber/users/users_acl.go:115.41,118.4 1 1
github.com/sogko/slumber/users/users_acl.go:119.38,122.4 1 1
github.com/sogko/slumber/users/users_acl.go:126.93,127.18 1 7
github.com/sogko/slumber/users/users_acl.go:131.3,131.41 1 6
github.com/sogko/slumber/users/users_acl.go:135.3,135.38 1 5
github.com/sogko/slumber/users/users_acl.go:140.3,140.18 1 4
github.com/sogko/slumber/users/users_acl.go:127.18,130.4 1 1
github.com/sogko/slumber/users/users_acl.go:131.41,134.4 1 1
github.com/sogko/slumber/users/users_acl.go:135.38,138.4 1 1
github.com/sogko/slumber/test_helpers/test_helpers.go:12.54,15.16 3 2
github.com/sogko/slumber/test_helpers/test_helpers.go:18.2,18.40 1 1
github.com/sogko/slumber/test_helpers/test_helpers.go:15.16,17.3 1 1
github.com/sogko/slumber/test_helpers/test_helpers.go:24.107,27.16 3 7
github.com/sogko/slumber/test_helpers/test_helpers.go:30.2,30.12 1 6
github.com/sogko/slumber/test_helpers/test_helpers.go:27.16,29.3 1 1
github.com/sogko/slumber/test_helpers/test_server.go:31.60,41.2 3 5
github.com/sogko/slumber/test_helpers/test_server.go:42.170,48.17 3 5
github.com/sogko/slumber/test_helpers/test_server.go:55.2,57.24 2 5
github.com/sogko/slumber/test_helpers/test_server.go:60.2,60.32 1 5
github.com/sogko/slumber/test_helpers/test_server.go:80.2,84.49 3 5
github.com/sogko/slumber/test_helpers/test_server.go:48.17,51.3 2 2
github.com/sogko/slumber/test_helpers/test_server.go:51.3,53.3 1 3
github.com/sogko/slumber/test_helpers/test_server.go:57.24,59.3 1 3
github.com/sogko/slumber/test_helpers/test_server.go:60.32,63.50 2 1
github.com/sogko/slumber/test_helpers/test_server.go:66.3,72.71 2 1
github.com/sogko/slumber/test_helpers/test_server.go:63.50,65.4 1 2
github.com/sogko/slumber/test_helpers/test_server.go:73.3,74.30 1 4
github.com/sogko/slumber/test_helpers/test_server.go:74.30,76.4 1 1
github.com/sogko/slumber/users/users_acl.go:11.92,12.18 1 6
github.com/sogko/slumber/users/users_acl.go:16.3,16.41 1 5
github.com/sogko/slumber/users/users_acl.go:20.3,20.18 1 4
github.com/sogko/slumber/users/users_acl.go:12.18,15.4 1 1
github.com/sogko/slumber/users/users_acl.go:16.41,19.4 1 1
github.com/sogko/slumber/users/users_acl.go:22.90,25.3 1 7
github.com/sogko/slumber/users/users_acl.go:26.93,31.18 1 16
github.com/sogko/slumber/users/users_acl.go:35.3,35.41 1 14
github.com/sogko/slumber/users/users_acl.go:39.3,39.38 1 13
github.com/sogko/slumber/users/users_acl.go:43.3,43.18 1 12
github.com/sogko/slumber/users/users_acl.go:31.18,34.4 1 2
github.com/sogko/slumber/users/users_acl.go:35.41,38.4 1 1
github.com/sogko/slumber/users/users_acl.go:39.38,42.4 1 1
github.com/sogko/slumber/users/users_acl.go:45.94,46.18 1 13
github.com/sogko/slumber/users/users_acl.go:50.3,50.41 1 12
github.com/sogko/slumber/users/users_acl.go:54.3,54.38 1 11
github.com/sogko/slumber/users/users_acl.go:59.3,59.18 1 10
github.com/sogko/slumber/users/users_acl.go:46.18,49.4 1 1
github.com/sogko/slumber/users/users_acl.go:50.41,53.4 1 1
github.com/sogko/slumber/users/users_acl.go:54.38,57.4 1 1
github.com/sogko/slumber/users/users_acl.go:61.97,62.18 1 7
github.com/sogko/slumber/users/users_acl.go:66.3,66.41 1 6
github.com/sogko/slumber/users/users_acl.go:70.3,70.38 1 5
github.com/sogko/slumber/users/users_acl.go:75.3,75.18 1 4
github.com/sogko/slumber/users/users_acl.go:62.18,65.4 1 1
github.com/sogko/slumber/users/users_acl.go:66.41,69.4 1 1
github.com/sogko/slumber/users/users_acl.go:70.38,73.4 1 1
github.com/sogko/slumber/users/users_acl.go:77.94,80.3 1 15
github.com/sogko/slumber/users/users_acl.go:81.93,87.18 5 18
github.com/sogko/slumber/users/users_acl.go:91.3,91.41 1 17
github.com/sogko/slumber/users/users_acl.go:95.3,95.37 1 16
github.com/sogko/slumber/users/users_acl.go:101.3,102.52 2 3
github.com/sogko/slumber/users/users_acl.go:107.3,107.19 1 1
github.com/sogko/slumber/users/users_acl.go:87.18,90.4 1 1
github.com/sogko/slumber/users/users_acl.go:91.41,94.4 1 1
github.com/sogko/slumber/users/users_acl.go:95.37,98.4 1 13
github.com/sogko/slumber/users/users_acl.go:102.52,105.4 1 2
github.com/sogko/slumber/users/users_acl.go:109.93,111.18 1 9
github.com/sogko/slumber/users/users_acl.go:115.3,115.41 1 8
github.com/sogko/slumber/users/users_acl.go:119.3,119.38 1 7
github.com/sogko/slumber/users/users_acl.go:124.3,124.18 1 6
github.com/sogko/slumber/users/users_acl.go:111.18,114.4 1 1
github.com/sogko/slumber/users/users_acl.go:115.41,118.4 1 1
github.com/sogko/slumber/users/users_acl.go:119.38,122.4 1 1
github.com/sogko/slumber/users/users_acl.go:126.93,127.18 1 7
github.com/sogko/slumber/users/users_acl.go:131.3,131.41 1 6
github.com/sogko/slumber/users/users_acl.go:135.3,135.38 1 5
github.com/sogko/slumber/users/users_acl.go:140.3,140.18 1 4
github.com/sogko/slumber/users/users_acl.go:127.18,130.4 1 1
github.com/sogko/slumber/users/users_acl.go:131.41,134.4 1 1
github.com/sogko/slumber/users/users_acl.go:135.38,138.4 1 1
github.com/sogko/slumber/users/users_controllers.go:83.88,96.16 10 4
github.com/sogko/slumber/users/users_controllers.go:100.2,103.20 3 4
github.com/sogko/slumber/users/users_controllers.go:106.2,111.4 1 4
github.com/sogko/slumber/users/users_controllers.go:96.16,98.3 1 4
github.com/sogko/slumber/users/users_controllers.go:103.20,105.3 1 4
github.com/sogko/slumber/users/users_controllers.go:115.90,121.16 5 10
github.com/sogko/slumber/users/users_controllers.go:125.2,129.29 4 8
github.com/sogko/slumber/users/users_controllers.go:135.2,135.16 1 8
github.com/sogko/slumber/users/users_controllers.go:141.2,146.4 1 8
github.com/sogko/slumber/users/users_controllers.go:121.16,123.3 1 2
github.com/sogko/slumber/users/users_controllers.go:129.29,132.3 2 6
github.com/sogko/slumber/users/users_controllers.go:132.3,134.3 1 2
github.com/sogko/slumber/users/users_controllers.go:135.16,139.3 3 2
github.com/sogko/slumber/users/users_controllers.go:150.93,161.2 5 4
github.com/sogko/slumber/users/users_controllers.go:164.89,171.16 6 14
github.com/sogko/slumber/users/users_controllers.go:175.2,175.51 1 12
github.com/sogko/slumber/users/users_controllers.go:180.2,180.45 1 10
github.com/sogko/slumber/users/users_controllers.go:187.2,201.24 4 8
github.com/sogko/slumber/users/users_controllers.go:206.2,207.16 2 6
github.com/sogko/slumber/users/users_controllers.go:214.2,215.37 2 6
github.com/sogko/slumber/users/users_controllers.go:225.2,229.4 1 5
github.com/sogko/slumber/users/users_controllers.go:171.16,173.3 1 2
github.com/sogko/slumber/users/users_controllers.go:175.51,178.3 2 2
github.com/sogko/slumber/users/users_controllers.go:180.45,183.3 2 2
github.com/sogko/slumber/users/users_controllers.go:201.24,204.3 2 2
github.com/sogko/slumber/users/users_controllers.go:207.16,210.3 2 0
github.com/sogko/slumber/users/users_controllers.go:215.37,219.17 2 6
github.com/sogko/slumber/users/users_controllers.go:219.17,222.4 2 1
github.com/sogko/slumber/users/users_controllers.go:233.90,242.16 8 15
github.com/sogko/slumber/users/users_controllers.go:247.2,247.41 1 13
github.com/sogko/slumber/users/users_controllers.go:252.2,252.32 1 7
github.com/sogko/slumber/users/users_controllers.go:258.2,262.16 2 3
github.com/sogko/slumber/users/users_controllers.go:268.2,269.38 2 3
github.com/sogko/slumber/users/users_controllers.go:279.2,284.4 1 2
github.com/sogko/slumber/users/users_controllers.go:242.16,245.3 2 2
github.com/sogko/slumber/users/users_controllers.go:247.41,250.3 2 6
github.com/sogko/slumber/users/users_controllers.go:252.32,255.3 2 4
github.com/sogko/slumber/users/users_controllers.go:262.16,265.3 2 0
github.com/sogko/slumber/users/users_controllers.go:269.38,273.17 2 3
github.com/sogko/slumber/users/users_controllers.go:273.17,276.4 2 1
github.com/sogko/slumber/users/users_controllers.go:288.86,296.16 7 7
github.com/sogko/slumber/users/users_controllers.go:301.2,305.4 1 3
github.com/sogko/slumber/users/users_controllers.go:296.16,299.3 2 4
github.com/sogko/slumber/users/users_controllers.go:309.89,317.16 7 15
github.com/sogko/slumber/users/users_controllers.go:321.2,323.16 3 13
github.com/sogko/slumber/users/users_controllers.go:328.2,332.4 1 9
github.com/sogko/slumber/users/users_controllers.go:317.16,319.3 1 2
github.com/sogko/slumber/users/users_controllers.go:323.16,326.3 2 4
github.com/sogko/slumber/users/users_controllers.go:336.89,345.16 7 6
github.com/sogko/slumber/users/users_controllers.go:350.2,353.4 1 2
github.com/sogko/slumber/users/users_controllers.go:345.16,348.3 2 4
github.com/sogko/slumber/users/users_controllers.go:356.89,372.2 7 4
github.com/sogko/slumber/test_helpers/test_helpers.go:12.54,15.16 3 2
github.com/sogko/slumber/test_helpers/test_helpers.go:18.2,18.40 1 1
github.com/sogko/slumber/test_helpers/test_helpers.go:15.16,17.3 1 1
github.com/sogko/slumber/test_helpers/test_helpers.go:24.107,27.16 3 7
github.com/sogko/slumber/test_helpers/test_helpers.go:30.2,30.12 1 6
github.com/sogko/slumber/test_helpers/test_helpers.go:27.16,29.3 1 1
github.com/sogko/slumber/test_helpers/test_server.go:31.60,41.2 3 5
github.com/sogko/slumber/test_helpers/test_server.go:42.170,48.17 3 5
github.com/sogko/slumber/test_helpers/test_server.go:55.2,57.24 2 5
github.com/sogko/slumber/test_helpers/test_server.go:60.2,60.32 1 5
github.com/sogko/slumber/test_helpers/test_server.go:80.2,84.49 3 5
github.com/sogko/slumber/test_helpers/test_server.go:48.17,51.3 2 2
github.com/sogko/slumber/test_helpers/test_server.go:51.3,53.3 1 3
github.com/sogko/slumber/test_helpers/test_server.go:57.24,59.3 1 3
github.com/sogko/slumber/test_helpers/test_server.go:60.32,63.50 2 1
github.com/sogko/slumber/test_helpers/test_server.go:66.3,72.71 2 1
github.com/sogko/slumber/test_helpers/test_server.go:63.50,65.4 1 2
github.com/sogko/slumber/test_helpers/test_server.go:73.3,74.30 1 4
github.com/sogko/slumber/test_helpers/test_server.go:74.30,76.4 1 1
github.com/sogko/slumber/users/users_acl.go:11.92,12.18 1 6
github.com/sogko/slumber/users/users_acl.go:16.3,16.41 1 5
github.com/sogko/slumber/users/users_acl.go:20.3,20.18 1 4
github.com/sogko/slumber/users/users_acl.go:12.18,15.4 1 1
github.com/sogko/slumber/users/users_acl.go:16.41,19.4 1 1
github.com/sogko/slumber/users/users_acl.go:22.90,25.3 1 7
github.com/sogko/slumber/users/users_acl.go:26.93,31.18 1 16
github.com/sogko/slumber/users/users_acl.go:35.3,35.41 1 14
github.com/sogko/slumber/users/users_acl.go:39.3,39.38 1 13
github.com/sogko/slumber/users/users_acl.go:43.3,43.18 1 12
github.com/sogko/slumber/users/users_acl.go:31.18,34.4 1 2
github.com/sogko/slumber/users/users_acl.go:35.41,38.4 1 1
github.com/sogko/slumber/users/users_acl.go:39.38,42.4 1 1
github.com/sogko/slumber/users/users_acl.go:45.94,46.18 1 13
github.com/sogko/slumber/users/users_acl.go:50.3,50.41 1 12
github.com/sogko/slumber/users/users_acl.go:54.3,54.38 1 11
github.com/sogko/slumber/users/users_acl.go:59.3,59.18 1 10
github.com/sogko/slumber/users/users_acl.go:46.18,49.4 1 1
github.com/sogko/slumber/users/users_acl.go:50.41,53.4 1 1
github.com/sogko/slumber/users/users_acl.go:54.38,57.4 1 1
github.com/sogko/slumber/users/users_acl.go:61.97,62.18 1 7
github.com/sogko/slumber/users/users_acl.go:66.3,66.41 1 6
github.com/sogko/slumber/users/users_acl.go:70.3,70.38 1 5
github.com/sogko/slumber/users/users_acl.go:75.3,75.18 1 4
github.com/sogko/slumber/users/users_acl.go:62.18,65.4 1 1
github.com/sogko/slumber/users/users_acl.go:66.41,69.4 1 1
github.com/sogko/slumber/users/users_acl.go:70.38,73.4 1 1
github.com/sogko/slumber/users/users_acl.go:77.94,80.3 1 15
github.com/sogko/slumber/users/users_acl.go:81.93,87.18 5 18
github.com/sogko/slumber/users/users_acl.go:91.3,91.41 1 17
github.com/sogko/slumber/users/users_acl.go:95.3,95.37 1 16
github.com/sogko/slumber/users/users_acl.go:101.3,102.52 2 3
github.com/sogko/slumber/users/users_acl.go:107.3,107.19 1 1
github.com/sogko/slumber/users/users_acl.go:87.18,90.4 1 1
github.com/sogko/slumber/users/users_acl.go:91.41,94.4 1 1
github.com/sogko/slumber/users/users_acl.go:95.37,98.4 1 13
github.com/sogko/slumber/users/users_acl.go:102.52,105.4 1 2
github.com/sogko/slumber/users/users_acl.go:109.93,111.18 1 9
github.com/sogko/slumber/users/users_acl.go:115.3,115.41 1 8
github.com/sogko/slumber/users/users_acl.go:119.3,119.38 1 7
github.com/sogko/slumber/users/users_acl.go:124.3,124.18 1 6
github.com/sogko/slumber/users/users_acl.go:111.18,114.4 1 1
github.com/sogko/slumber/users/users_acl.go:115.41,118.4 1 1
github.com/sogko/slumber/users/users_acl.go:119.38,122.4 1 1
github.com/sogko/slumber/users/users_acl.go:126.93,127.18 1 7
github.com/sogko/slumber/users/users_acl.go:131.3,131.41 1 6
github.com/sogko/slumber/users/users_acl.go:135.3,135.38 1 5
github.com/sogko/slumber/users/users_acl.go:140.3,140.18 1 4
github.com/sogko/slumber/users/users_acl.go:127.18,130.4 1 1
github.com/sogko/slumber/users/users_acl.go:131.41,134.4 1 1
github.com/sogko/slumber/users/users_acl.go:135.38,138.4 1 1
github.com/sogko/slumber/users/users_controllers.go:83.88,96.16 10 4
github.com/sogko/slumber/users/users_controllers.go:100.2,103.20 3 4
github.com/sogko/slumber/users/users_controllers.go:106.2,111.4 1 4
github.com/sogko/slumber/users/users_controllers.go:96.16,98.3 1 4
github.com/sogko/slumber/users/users_controllers.go:103.20,105.3 1 4
github.com/sogko/slumber/users/users_controllers.go:115.90,121.16 5 10
github.com/sogko/slumber/users/users_controllers.go:125.2,129.29 4 8
github.com/sogko/slumber/users/users_controllers.go:135.2,135.16 1 8
github.com/sogko/slumber/users/users_controllers.go:141.2,146.4 1 8
github.com/sogko/slumber/users/users_controllers.go:121.16,123.3 1 2
github.com/sogko/slumber/users/users_controllers.go:129.29,132.3 2 6
github.com/sogko/slumber/users/users_controllers.go:132.3,134.3 1 2
github.com/sogko/slumber/users/users_controllers.go:135.16,139.3 3 2
github.com/sogko/slumber/users/users_controllers.go:150.93,161.2 5 4
github.com/sogko/slumber/users/users_controllers.go:164.89,171.16 6 14
github.com/sogko/slumber/users/users_controllers.go:175.2,175.51 1 12
github.com/sogko/slumber/users/users_controllers.go:180.2,180.45 1 10
github.com/sogko/slumber/users/users_controllers.go:187.2,201.24 4 8
github.com/sogko/slumber/users/users_controllers.go:206.2,207.16 2 6
github.com/sogko/slumber/users/users_controllers.go:214.2,215.37 2 6
github.com/sogko/slumber/users/users_controllers.go:225.2,229.4 1 5
github.com/sogko/slumber/users/users_controllers.go:171.16,173.3 1 2
github.com/sogko/slumber/users/users_controllers.go:175.51,178.3 2 2
github.com/sogko/slumber/users/users_controllers.go:180.45,183.3 2 2
github.com/sogko/slumber/users/users_controllers.go:201.24,204.3 2 2
github.com/sogko/slumber/users/users_controllers.go:207.16,210.3 2 0
github.com/sogko/slumber/users/users_controllers.go:215.37,219.17 2 6
github.com/sogko/slumber/users/users_controllers.go:219.17,222.4 2 1
github.com/sogko/slumber/users/users_controllers.go:233.90,242.16 8 15
github.com/sogko/slumber/users/users_controllers.go:247.2,247.41 1 13
github.com/sogko/slumber/users/users_controllers.go:252.2,252.32 1 7
github.com/sogko/slumber/users/users_controllers.go:258.2,262.16 2 3
github.com/sogko/slumber/users/users_controllers.go:268.2,269.38 2 3
github.com/sogko/slumber/users/users_controllers.go:279.2,284.4 1 2
github.com/sogko/slumber/users/users_controllers.go:242.16,245.3 2 2
github.com/sogko/slumber/users/users_controllers.go:247.41,250.3 2 6
github.com/sogko/slumber/users/users_controllers.go:252.32,255.3 2 4
github.com/sogko/slumber/users/users_controllers.go:262.16,265.3 2 0
github.com/sogko/slumber/users/users_controllers.go:269.38,273.17 2 3
github.com/sogko/slumber/users/users_controllers.go:273.17,276.4 2 1
github.com/sogko/slumber/users/users_controllers.go:288.86,296.16 7 7
github.com/sogko/slumber/users/users_controllers.go:301.2,305.4 1 3
github.com/sogko/slumber/users/users_controllers.go:296.16,299.3 2 4
github.com/sogko/slumber/users/users_controllers.go:309.89,317.16 7 15
github.com/sogko/slumber/users/users_controllers.go:321.2,323.16 3 13
github.com/sogko/slumber/users/users_controllers.go:328.2,332.4 1 9
github.com/sogko/slumber/users/users_controllers.go:317.16,319.3 1 2
github.com/sogko/slumber/users/users_controllers.go:323.16,326.3 2 4
github.com/sogko/slumber/users/users_controllers.go:336.89,345.16 7 6
github.com/sogko/slumber/users/users_controllers.go:350.2,353.4 1 2
github.com/sogko/slumber/users/users_controllers.go:345.16,348.3 2 4
github.com/sogko/slumber/users/users_controllers.go:356.89,372.2 7 4
