mode: atomic
github.com/sogko/golang-rest-api-server-example/sessions/sessions_acl.go:9.83,10.18 1 4
github.com/sogko/golang-rest-api-server-example/sessions/sessions_acl.go:13.3,13.14 1 2
github.com/sogko/golang-rest-api-server-example/sessions/sessions_acl.go:10.18,12.4 1 2
github.com/sogko/golang-rest-api-server-example/sessions/sessions_acl.go:15.86,18.3 1 10
github.com/sogko/golang-rest-api-server-example/sessions/sessions_acl.go:19.86,22.3 1 6
github.com/sogko/golang-rest-api-server-example/sessions/sessions_controllers.go:32.89,41.2 3 2
github.com/sogko/golang-rest-api-server-example/sessions/sessions_controllers.go:44.92,51.16 6 10
github.com/sogko/golang-rest-api-server-example/sessions/sessions_controllers.go:55.2,55.25 1 8
github.com/sogko/golang-rest-api-server-example/sessions/sessions_controllers.go:60.2,62.16 3 6
github.com/sogko/golang-rest-api-server-example/sessions/sessions_controllers.go:67.2,67.48 1 4
github.com/sogko/golang-rest-api-server-example/sessions/sessions_controllers.go:72.2,73.34 2 2
github.com/sogko/golang-rest-api-server-example/sessions/sessions_controllers.go:77.2,83.16 2 2
github.com/sogko/golang-rest-api-server-example/sessions/sessions_controllers.go:88.2,92.4 1 2
github.com/sogko/golang-rest-api-server-example/sessions/sessions_controllers.go:51.16,53.3 1 2
github.com/sogko/golang-rest-api-server-example/sessions/sessions_controllers.go:55.25,58.3 2 2
github.com/sogko/golang-rest-api-server-example/sessions/sessions_controllers.go:62.16,65.3 2 2
github.com/sogko/golang-rest-api-server-example/sessions/sessions_controllers.go:67.48,70.3 2 2
github.com/sogko/golang-rest-api-server-example/sessions/sessions_controllers.go:73.34,75.3 1 2
github.com/sogko/golang-rest-api-server-example/sessions/sessions_controllers.go:83.16,86.3 2 0
github.com/sogko/golang-rest-api-server-example/sessions/sessions_controllers.go:96.92,101.37 4 6
github.com/sogko/golang-rest-api-server-example/sessions/sessions_controllers.go:109.2,114.16 3 4
github.com/sogko/golang-rest-api-server-example/sessions/sessions_controllers.go:118.2,121.4 1 4
github.com/sogko/golang-rest-api-server-example/sessions/sessions_controllers.go:101.37,108.3 2 2
github.com/sogko/golang-rest-api-server-example/sessions/sessions_controllers.go:114.16,116.3 1 0
