mode: atomic
github.com/sogko/slumber/test_helpers/test_helpers.go:24.107,26.2 1 9
github.com/sogko/slumber/test_helpers/test_helpers.go:34.57,36.2 1 1
github.com/sogko/slumber/test_helpers/test_helpers.go:37.55,38.40 1 14
github.com/sogko/slumber/test_helpers/test_helpers.go:41.2,62.3 1 13
github.com/sogko/slumber/test_helpers/test_helpers.go:38.40,40.3 1 1
github.com/sogko/slumber/test_helpers/test_helpers.go:64.107,66.2 1 6
github.com/sogko/slumber/test_helpers/test_helpers.go:67.97,69.2 1 5
github.com/sogko/slumber/test_helpers/test_helpers.go:70.88,74.2 1 3
github.com/sogko/slumber/test_helpers/test_helpers.go:75.89,79.16 4 2
github.com/sogko/slumber/test_helpers/test_helpers.go:84.2,87.4 1 2
github.com/sogko/slumber/test_helpers/test_helpers.go:79.16,83.3 1 1
github.com/sogko/slumber/test_helpers/test_helpers.go:90.56,92.2 1 6
github.com/sogko/slumber/test_helpers/test_helpers.go:97.136,99.2 1 6
github.com/sogko/slumber/test_helpers/test_helpers.go:101.42,103.2 1 6
github.com/sogko/slumber/test_helpers/test_helpers.go:108.108,110.2 1 6
github.com/sogko/slumber/test_helpers/test_helpers.go:115.54,118.16 3 2
github.com/sogko/slumber/test_helpers/test_helpers.go:121.2,121.40 1 1
github.com/sogko/slumber/test_helpers/test_helpers.go:118.16,120.3 1 1
github.com/sogko/slumber/test_helpers/test_helpers.go:127.107,130.16 3 8
github.com/sogko/slumber/test_helpers/test_helpers.go:133.2,133.12 1 7
github.com/sogko/slumber/test_helpers/test_helpers.go:130.16,132.3 1 1
github.com/sogko/slumber/test_helpers/test_server.go:43.60,48.15 2 6
github.com/sogko/slumber/test_helpers/test_server.go:55.2,64.29 4 6
github.com/sogko/slumber/test_helpers/test_server.go:73.2,74.14 2 6
github.com/sogko/slumber/test_helpers/test_server.go:81.2,88.45 4 6
github.com/sogko/slumber/test_helpers/test_server.go:93.2,93.49 1 6
github.com/sogko/slumber/test_helpers/test_server.go:98.2,98.12 1 6
github.com/sogko/slumber/test_helpers/test_server.go:48.15,53.3 1 6
github.com/sogko/slumber/test_helpers/test_server.go:64.29,70.3 2 6
github.com/sogko/slumber/test_helpers/test_server.go:74.14,78.3 1 6
github.com/sogko/slumber/test_helpers/test_server.go:88.45,90.3 1 6
github.com/sogko/slumber/test_helpers/test_server.go:93.49,96.3 1 18
github.com/sogko/slumber/test_helpers/test_server.go:101.67,102.37 1 12
github.com/sogko/slumber/test_helpers/test_server.go:102.37,104.3 1 12
github.com/sogko/slumber/test_helpers/test_server.go:106.66,107.41 1 19
github.com/sogko/slumber/test_helpers/test_server.go:107.41,108.33 1 19
github.com/sogko/slumber/test_helpers/test_server.go:109.3,110.60 1 7
github.com/sogko/slumber/test_helpers/test_server.go:111.3,112.74 1 6
github.com/sogko/slumber/test_helpers/test_server.go:113.3,114.50 1 6
github.com/sogko/slumber/test_helpers/test_server.go:118.170,125.17 3 6
github.com/sogko/slumber/test_helpers/test_server.go:132.2,134.24 2 6
github.com/sogko/slumber/test_helpers/test_server.go:137.2,137.32 1 6
github.com/sogko/slumber/test_helpers/test_server.go:150.2,151.49 2 6
github.com/sogko/slumber/test_helpers/test_server.go:125.17,128.3 2 2
github.com/sogko/slumber/test_helpers/test_server.go:128.3,130.3 1 4
github.com/sogko/slumber/test_helpers/test_server.go:134.24,136.3 1 3
github.com/sogko/slumber/test_helpers/test_server.go:137.32,143.3 2 1
github.com/sogko/slumber/test_helpers/test_server.go:143.3,144.30 1 5
github.com/sogko/slumber/test_helpers/test_server.go:144.30,146.4 1 2
