mode: atomic
github.com/sogko/slumber/test_helpers/test_helpers.go:12.54,15.16 3 2
github.com/sogko/slumber/test_helpers/test_helpers.go:18.2,18.40 1 1
github.com/sogko/slumber/test_helpers/test_helpers.go:15.16,17.3 1 1
github.com/sogko/slumber/test_helpers/test_helpers.go:24.107,27.16 3 7
github.com/sogko/slumber/test_helpers/test_helpers.go:30.2,30.12 1 6
github.com/sogko/slumber/test_helpers/test_helpers.go:27.16,29.3 1 1
github.com/sogko/slumber/test_helpers/test_server.go:31.60,41.2 3 5
github.com/sogko/slumber/test_helpers/test_server.go:42.170,48.17 3 5
github.com/sogko/slumber/test_helpers/test_server.go:55.2,57.24 2 5
github.com/sogko/slumber/test_helpers/test_server.go:60.2,60.32 1 5
github.com/sogko/slumber/test_helpers/test_server.go:80.2,84.49 3 5
github.com/sogko/slumber/test_helpers/test_server.go:48.17,51.3 2 2
github.com/sogko/slumber/test_helpers/test_server.go:51.3,53.3 1 3
github.com/sogko/slumber/test_helpers/test_server.go:57.24,59.3 1 3
github.com/sogko/slumber/test_helpers/test_server.go:60.32,63.50 2 1
github.com/sogko/slumber/test_helpers/test_server.go:66.3,72.71 2 1
github.com/sogko/slumber/test_helpers/test_server.go:63.50,65.4 1 2
github.com/sogko/slumber/test_helpers/test_server.go:73.3,74.30 1 4
github.com/sogko/slumber/test_helpers/test_server.go:74.30,76.4 1 1
