mode: atomic
github.com/sogko/golang-rest-api-server-example/customers/customers_controllers.go:11.67,24.2 6 4
github.com/sogko/golang-rest-api-server-example/customers/customers_controllers.go:27.68,36.16 6 6
github.com/sogko/golang-rest-api-server-example/customers/customers_controllers.go:45.2,45.25 1 4
github.com/sogko/golang-rest-api-server-example/customers/customers_controllers.go:53.2,54.16 2 2
github.com/sogko/golang-rest-api-server-example/customers/customers_controllers.go:62.2,65.4 1 2
github.com/sogko/golang-rest-api-server-example/customers/customers_controllers.go:36.16,42.3 2 2
github.com/sogko/golang-rest-api-server-example/customers/customers_controllers.go:45.25,51.3 2 2
github.com/sogko/golang-rest-api-server-example/customers/customers_controllers.go:54.16,60.3 2 0
github.com/sogko/golang-rest-api-server-example/customers/customers_controllers.go:69.66,77.16 7 6
github.com/sogko/golang-rest-api-server-example/customers/customers_controllers.go:81.2,87.4 2 6
github.com/sogko/golang-rest-api-server-example/customers/customers_controllers.go:77.16,80.3 2 4
github.com/sogko/golang-rest-api-server-example/customers/customers_database.go:13.68,16.2 2 2
github.com/sogko/golang-rest-api-server-example/customers/customers_database.go:19.59,23.2 3 4
github.com/sogko/golang-rest-api-server-example/customers/customers_database.go:26.69,28.29 1 6
github.com/sogko/golang-rest-api-server-example/customers/customers_database.go:32.2,34.23 3 4
github.com/sogko/golang-rest-api-server-example/customers/customers_database.go:28.29,30.3 1 2
github.com/sogko/golang-rest-api-server-example/customers/customers_model.go:28.42,31.2 1 4