mode: atomic
github.com/sogko/golang-rest-api-server-example/middlewares/token_authority.go:12.27,19.2 1 0
github.com/sogko/golang-rest-api-server-example/middlewares/token_authority.go:21.79,23.20 2 0
github.com/sogko/golang-rest-api-server-example/middlewares/token_authority.go:26.2,26.12 1 0
github.com/sogko/golang-rest-api-server-example/middlewares/token_authority.go:23.20,25.3 1 0
github.com/sogko/golang-rest-api-server-example/middlewares/token_authority.go:38.93,53.2 4 0
github.com/sogko/golang-rest-api-server-example/middlewares/token_authority.go:55.105,56.80 1 0
github.com/sogko/golang-rest-api-server-example/middlewares/token_authority.go:62.2,62.16 1 0
github.com/sogko/golang-rest-api-server-example/middlewares/token_authority.go:66.2,67.17 2 0
github.com/sogko/golang-rest-api-server-example/middlewares/token_authority.go:92.2,92.43 1 0
github.com/sogko/golang-rest-api-server-example/middlewares/token_authority.go:56.80,57.57 1 0
github.com/sogko/golang-rest-api-server-example/middlewares/token_authority.go:60.3,60.42 1 0
github.com/sogko/golang-rest-api-server-example/middlewares/token_authority.go:57.57,59.4 1 0
github.com/sogko/golang-rest-api-server-example/middlewares/token_authority.go:62.16,64.3 1 0
github.com/sogko/golang-rest-api-server-example/middlewares/token_authority.go:67.17,68.37 1 0
github.com/sogko/golang-rest-api-server-example/middlewares/token_authority.go:71.3,71.36 1 0
github.com/sogko/golang-rest-api-server-example/middlewares/token_authority.go:74.3,74.35 1 0
github.com/sogko/golang-rest-api-server-example/middlewares/token_authority.go:81.3,81.33 1 0
github.com/sogko/golang-rest-api-server-example/middlewares/token_authority.go:84.3,84.33 1 0
github.com/sogko/golang-rest-api-server-example/middlewares/token_authority.go:87.3,87.33 1 0
github.com/sogko/golang-rest-api-server-example/middlewares/token_authority.go:68.37,70.4 1 0
github.com/sogko/golang-rest-api-server-example/middlewares/token_authority.go:71.36,73.4 1 0
github.com/sogko/golang-rest-api-server-example/middlewares/token_authority.go:74.35,75.63 1 0
github.com/sogko/golang-rest-api-server-example/middlewares/token_authority.go:75.63,76.20 1 0
github.com/sogko/golang-rest-api-server-example/middlewares/token_authority.go:76.20,78.6 1 0
github.com/sogko/golang-rest-api-server-example/middlewares/token_authority.go:81.33,83.4 1 0
github.com/sogko/golang-rest-api-server-example/middlewares/token_authority.go:84.33,86.4 1 0
github.com/sogko/golang-rest-api-server-example/middlewares/token_authority.go:87.33,89.4 1 0
github.com/sogko/golang-rest-api-server-example/middlewares/token_authority.go:94.121,98.2 2 0
github.com/sogko/golang-rest-api-server-example/middlewares/access_controller.go:11.46,15.2 3 12
github.com/sogko/golang-rest-api-server-example/middlewares/access_controller.go:22.57,24.2 1 14
github.com/sogko/golang-rest-api-server-example/middlewares/access_controller.go:26.59,29.2 2 3
github.com/sogko/golang-rest-api-server-example/middlewares/access_controller.go:31.132,33.15 2 4
github.com/sogko/golang-rest-api-server-example/middlewares/access_controller.go:37.2,37.27 1 3
github.com/sogko/golang-rest-api-server-example/middlewares/access_controller.go:33.15,36.3 1 1
github.com/sogko/golang-rest-api-server-example/middlewares/access_controller.go:40.113,41.77 1 0
github.com/sogko/golang-rest-api-server-example/middlewares/access_controller.go:41.77,48.58 3 0
github.com/sogko/golang-rest-api-server-example/middlewares/access_controller.go:56.3,56.23 1 0
github.com/sogko/golang-rest-api-server-example/middlewares/access_controller.go:48.58,54.4 2 0
github.com/sogko/golang-rest-api-server-example/middlewares/auth.go:14.40,16.2 1 0
github.com/sogko/golang-rest-api-server-example/middlewares/auth.go:18.122,25.28 5 0
github.com/sogko/golang-rest-api-server-example/middlewares/auth.go:72.2,72.14 1 0
github.com/sogko/golang-rest-api-server-example/middlewares/auth.go:25.28,27.86 2 0
github.com/sogko/golang-rest-api-server-example/middlewares/auth.go:34.3,36.17 3 0
github.com/sogko/golang-rest-api-server-example/middlewares/auth.go:43.3,43.19 1 0
github.com/sogko/golang-rest-api-server-example/middlewares/auth.go:53.3,54.50 2 0
github.com/sogko/golang-rest-api-server-example/middlewares/auth.go:63.3,69.35 4 0
github.com/sogko/golang-rest-api-server-example/middlewares/auth.go:27.86,33.4 2 0
github.com/sogko/golang-rest-api-server-example/middlewares/auth.go:36.17,42.4 2 0
github.com/sogko/golang-rest-api-server-example/middlewares/auth.go:43.19,49.4 2 0
github.com/sogko/golang-rest-api-server-example/middlewares/auth.go:54.50,60.4 2 0
github.com/sogko/golang-rest-api-server-example/middlewares/context.go:21.28,23.2 1 12
github.com/sogko/golang-rest-api-server-example/middlewares/context.go:29.207,30.78 1 0
github.com/sogko/golang-rest-api-server-example/middlewares/context.go:30.78,32.3 1 0
github.com/sogko/golang-rest-api-server-example/middlewares/context.go:35.80,36.55 1 0
github.com/sogko/golang-rest-api-server-example/middlewares/context.go:36.55,38.3 1 0
github.com/sogko/golang-rest-api-server-example/middlewares/context.go:42.83,45.2 2 0
github.com/sogko/golang-rest-api-server-example/middlewares/context.go:48.64,49.45 1 0
github.com/sogko/golang-rest-api-server-example/middlewares/context.go:52.2,52.24 1 0
github.com/sogko/golang-rest-api-server-example/middlewares/context.go:49.45,51.3 1 0
github.com/sogko/golang-rest-api-server-example/middlewares/context.go:56.86,59.2 2 0
github.com/sogko/golang-rest-api-server-example/middlewares/context.go:62.64,63.44 1 0
github.com/sogko/golang-rest-api-server-example/middlewares/context.go:66.2,66.12 1 0
github.com/sogko/golang-rest-api-server-example/middlewares/context.go:63.44,65.3 1 0
github.com/sogko/golang-rest-api-server-example/middlewares/context.go:70.92,73.2 2 0
github.com/sogko/golang-rest-api-server-example/middlewares/context.go:76.70,77.48 1 0
github.com/sogko/golang-rest-api-server-example/middlewares/context.go:80.2,80.12 1 0
github.com/sogko/golang-rest-api-server-example/middlewares/context.go:77.48,79.3 1 0
github.com/sogko/golang-rest-api-server-example/middlewares/context.go:84.109,87.2 2 0
github.com/sogko/golang-rest-api-server-example/middlewares/context.go:90.84,91.51 1 0
github.com/sogko/golang-rest-api-server-example/middlewares/context.go:94.2,94.12 1 0
github.com/sogko/golang-rest-api-server-example/middlewares/context.go:91.51,93.3 1 0
github.com/sogko/golang-rest-api-server-example/middlewares/context.go:98.110,101.2 2 0
github.com/sogko/golang-rest-api-server-example/middlewares/context.go:104.82,105.54 1 0
github.com/sogko/golang-rest-api-server-example/middlewares/context.go:108.2,108.12 1 0
github.com/sogko/golang-rest-api-server-example/middlewares/context.go:105.54,107.3 1 0
github.com/sogko/golang-rest-api-server-example/middlewares/context.go:112.87,115.2 2 0
github.com/sogko/golang-rest-api-server-example/middlewares/context.go:118.69,119.51 1 0
github.com/sogko/golang-rest-api-server-example/middlewares/context.go:122.2,122.12 1 0
github.com/sogko/golang-rest-api-server-example/middlewares/context.go:119.51,121.3 1 0
github.com/sogko/golang-rest-api-server-example/middlewares/context.go:126.87,129.2 2 4
github.com/sogko/golang-rest-api-server-example/middlewares/context.go:132.70,133.53 1 3
github.com/sogko/golang-rest-api-server-example/middlewares/context.go:136.2,136.12 1 0
github.com/sogko/golang-rest-api-server-example/middlewares/context.go:133.53,135.3 1 3
github.com/sogko/golang-rest-api-server-example/middlewares/database.go:16.59,20.2 3 0
github.com/sogko/golang-rest-api-server-example/middlewares/database.go:34.57,39.35 2 0
github.com/sogko/golang-rest-api-server-example/middlewares/database.go:43.2,44.16 2 0
github.com/sogko/golang-rest-api-server-example/middlewares/database.go:47.2,48.47 2 0
github.com/sogko/golang-rest-api-server-example/middlewares/database.go:39.35,41.3 1 0
github.com/sogko/golang-rest-api-server-example/middlewares/database.go:44.16,46.3 1 0
github.com/sogko/golang-rest-api-server-example/middlewares/database.go:51.87,53.2 1 0
github.com/sogko/golang-rest-api-server-example/middlewares/database.go:55.87,57.2 1 0
github.com/sogko/golang-rest-api-server-example/middlewares/database.go:59.63,61.2 1 0
github.com/sogko/golang-rest-api-server-example/middlewares/database.go:63.108,66.2 2 0
github.com/sogko/golang-rest-api-server-example/middlewares/database.go:68.69,70.2 1 0
github.com/sogko/golang-rest-api-server-example/middlewares/database.go:72.69,75.2 2 0
github.com/sogko/golang-rest-api-server-example/middlewares/database.go:77.54,79.2 1 0
github.com/sogko/golang-rest-api-server-example/middlewares/database.go:81.65,85.2 3 0
github.com/sogko/golang-rest-api-server-example/middlewares/database.go:86.41,88.2 1 0
github.com/sogko/golang-rest-api-server-example/middlewares/database.go:97.126,106.2 5 0
github.com/sogko/golang-rest-api-server-example/middlewares/renderer.go:18.68,21.2 2 0
github.com/sogko/golang-rest-api-server-example/middlewares/renderer.go:24.121,29.2 2 0
github.com/sogko/golang-rest-api-server-example/middlewares/renderer.go:31.82,33.2 1 0