mode: atomic
github.com/sogko/golang-rest-api-server-example/middlewares/auth.go:14.40,16.2 1 0
github.com/sogko/golang-rest-api-server-example/middlewares/auth.go:18.122,25.28 5 0
github.com/sogko/golang-rest-api-server-example/middlewares/auth.go:59.2,59.14 1 0
github.com/sogko/golang-rest-api-server-example/middlewares/auth.go:25.28,27.86 2 0
github.com/sogko/golang-rest-api-server-example/middlewares/auth.go:34.3,36.17 3 0
github.com/sogko/golang-rest-api-server-example/middlewares/auth.go:43.3,43.19 1 0
github.com/sogko/golang-rest-api-server-example/middlewares/auth.go:51.3,56.35 4 0
github.com/sogko/golang-rest-api-server-example/middlewares/auth.go:27.86,33.4 2 0
github.com/sogko/golang-rest-api-server-example/middlewares/auth.go:36.17,42.4 2 0
github.com/sogko/golang-rest-api-server-example/middlewares/auth.go:43.19,49.4 2 0
github.com/sogko/golang-rest-api-server-example/middlewares/context.go:20.28,22.2 1 15
github.com/sogko/golang-rest-api-server-example/middlewares/context.go:28.207,29.78 1 0
github.com/sogko/golang-rest-api-server-example/middlewares/context.go:29.78,31.3 1 0
github.com/sogko/golang-rest-api-server-example/middlewares/context.go:34.121,35.55 1 0
github.com/sogko/golang-rest-api-server-example/middlewares/context.go:35.55,37.3 1 0
github.com/sogko/golang-rest-api-server-example/middlewares/context.go:41.86,44.2 2 0
github.com/sogko/golang-rest-api-server-example/middlewares/context.go:47.64,48.44 1 0
github.com/sogko/golang-rest-api-server-example/middlewares/context.go:51.2,51.12 1 0
github.com/sogko/golang-rest-api-server-example/middlewares/context.go:48.44,50.3 1 0
github.com/sogko/golang-rest-api-server-example/middlewares/context.go:55.92,58.2 2 0
github.com/sogko/golang-rest-api-server-example/middlewares/context.go:61.70,62.48 1 0
github.com/sogko/golang-rest-api-server-example/middlewares/context.go:65.2,65.12 1 0
github.com/sogko/golang-rest-api-server-example/middlewares/context.go:62.48,64.3 1 0
github.com/sogko/golang-rest-api-server-example/middlewares/context.go:69.109,72.2 2 0
github.com/sogko/golang-rest-api-server-example/middlewares/context.go:75.84,76.51 1 0
github.com/sogko/golang-rest-api-server-example/middlewares/context.go:79.2,79.12 1 0
github.com/sogko/golang-rest-api-server-example/middlewares/context.go:76.51,78.3 1 0
github.com/sogko/golang-rest-api-server-example/middlewares/context.go:83.110,86.2 2 0
github.com/sogko/golang-rest-api-server-example/middlewares/context.go:89.82,90.54 1 0
github.com/sogko/golang-rest-api-server-example/middlewares/context.go:93.2,93.12 1 0
github.com/sogko/golang-rest-api-server-example/middlewares/context.go:90.54,92.3 1 0
github.com/sogko/golang-rest-api-server-example/middlewares/context.go:97.87,100.2 2 0
github.com/sogko/golang-rest-api-server-example/middlewares/context.go:103.69,104.51 1 0
github.com/sogko/golang-rest-api-server-example/middlewares/context.go:107.2,107.12 1 0
github.com/sogko/golang-rest-api-server-example/middlewares/context.go:104.51,106.3 1 0
github.com/sogko/golang-rest-api-server-example/middlewares/context.go:110.87,113.2 2 4
github.com/sogko/golang-rest-api-server-example/middlewares/context.go:116.70,117.53 1 3
github.com/sogko/golang-rest-api-server-example/middlewares/context.go:120.2,120.12 1 0
github.com/sogko/golang-rest-api-server-example/middlewares/context.go:117.53,119.3 1 3
github.com/sogko/golang-rest-api-server-example/middlewares/database.go:16.59,20.2 3 0
github.com/sogko/golang-rest-api-server-example/middlewares/database.go:34.57,39.35 2 0
github.com/sogko/golang-rest-api-server-example/middlewares/database.go:43.2,44.16 2 0
github.com/sogko/golang-rest-api-server-example/middlewares/database.go:47.2,47.47 1 0
github.com/sogko/golang-rest-api-server-example/middlewares/database.go:39.35,41.3 1 0
github.com/sogko/golang-rest-api-server-example/middlewares/database.go:44.16,46.3 1 0
github.com/sogko/golang-rest-api-server-example/middlewares/database.go:50.87,52.2 1 0
github.com/sogko/golang-rest-api-server-example/middlewares/database.go:54.87,56.2 1 0
github.com/sogko/golang-rest-api-server-example/middlewares/database.go:58.63,60.2 1 0
github.com/sogko/golang-rest-api-server-example/middlewares/database.go:62.108,65.2 2 0
github.com/sogko/golang-rest-api-server-example/middlewares/database.go:67.66,69.2 1 0
github.com/sogko/golang-rest-api-server-example/middlewares/database.go:71.49,73.2 1 0
github.com/sogko/golang-rest-api-server-example/middlewares/database.go:75.65,79.2 3 0
github.com/sogko/golang-rest-api-server-example/middlewares/database.go:88.126,97.2 5 0
github.com/sogko/golang-rest-api-server-example/middlewares/renderer.go:18.68,21.2 2 0
github.com/sogko/golang-rest-api-server-example/middlewares/renderer.go:24.121,29.2 2 0
github.com/sogko/golang-rest-api-server-example/middlewares/renderer.go:31.82,33.2 1 0
github.com/sogko/golang-rest-api-server-example/middlewares/token_authority.go:12.27,19.2 1 0
github.com/sogko/golang-rest-api-server-example/middlewares/token_authority.go:21.79,25.2 3 0
github.com/sogko/golang-rest-api-server-example/middlewares/token_authority.go:36.93,51.2 4 0
github.com/sogko/golang-rest-api-server-example/middlewares/token_authority.go:53.105,54.80 1 0
github.com/sogko/golang-rest-api-server-example/middlewares/token_authority.go:60.2,60.16 1 0
github.com/sogko/golang-rest-api-server-example/middlewares/token_authority.go:64.2,65.17 2 0
github.com/sogko/golang-rest-api-server-example/middlewares/token_authority.go:76.2,76.43 1 0
github.com/sogko/golang-rest-api-server-example/middlewares/token_authority.go:54.80,55.57 1 0
github.com/sogko/golang-rest-api-server-example/middlewares/token_authority.go:58.3,58.42 1 0
github.com/sogko/golang-rest-api-server-example/middlewares/token_authority.go:55.57,57.4 1 0
github.com/sogko/golang-rest-api-server-example/middlewares/token_authority.go:60.16,62.3 1 0
github.com/sogko/golang-rest-api-server-example/middlewares/token_authority.go:65.17,68.62 3 0
github.com/sogko/golang-rest-api-server-example/middlewares/token_authority.go:71.3,73.78 3 0
github.com/sogko/golang-rest-api-server-example/middlewares/token_authority.go:68.62,70.4 1 0
github.com/sogko/golang-rest-api-server-example/middlewares/token_authority.go:78.121,82.2 2 0
github.com/sogko/golang-rest-api-server-example/middlewares/access_controller.go:9.46,13.2 3 15
github.com/sogko/golang-rest-api-server-example/middlewares/access_controller.go:16.72,18.24 2 17
github.com/sogko/golang-rest-api-server-example/middlewares/access_controller.go:21.2,21.26 1 17
github.com/sogko/golang-rest-api-server-example/middlewares/access_controller.go:24.2,24.12 1 17
github.com/sogko/golang-rest-api-server-example/middlewares/access_controller.go:18.24,20.3 1 11
github.com/sogko/golang-rest-api-server-example/middlewares/access_controller.go:21.26,23.3 1 27
github.com/sogko/golang-rest-api-server-example/middlewares/access_controller.go:34.87,37.2 2 15
github.com/sogko/golang-rest-api-server-example/middlewares/access_controller.go:39.57,41.2 1 14
github.com/sogko/golang-rest-api-server-example/middlewares/access_controller.go:43.59,46.2 2 3
github.com/sogko/golang-rest-api-server-example/middlewares/access_controller.go:48.81,50.15 2 4
github.com/sogko/golang-rest-api-server-example/middlewares/access_controller.go:53.2,53.33 1 3
github.com/sogko/golang-rest-api-server-example/middlewares/access_controller.go:50.15,52.3 1 1
github.com/sogko/golang-rest-api-server-example/middlewares/access_controller.go:56.123,66.36 5 0
github.com/sogko/golang-rest-api-server-example/middlewares/access_controller.go:73.2,73.14 1 0
github.com/sogko/golang-rest-api-server-example/middlewares/access_controller.go:66.36,72.3 2 0
