mode: atomic
github.com/sogko/slumber/domain/middleware.go:9.94,11.2 1 1
github.com/sogko/slumber/domain/middleware.go:15.99,17.2 1 1
github.com/sogko/slumber/domain/middleware.go:21.120,23.2 1 1
github.com/sogko/slumber/domain/routes.go:27.51,30.27 2 4
github.com/sogko/slumber/domain/routes.go:33.2,33.33 1 4
github.com/sogko/slumber/domain/routes.go:38.2,38.12 1 4
github.com/sogko/slumber/domain/routes.go:30.27,32.3 1 5
github.com/sogko/slumber/domain/routes.go:33.33,34.34 1 5
github.com/sogko/slumber/domain/routes.go:34.34,36.4 1 5
github.com/sogko/slumber/domain/access_controller.go:11.49,14.23 2 6
github.com/sogko/slumber/domain/access_controller.go:17.2,17.29 1 6
github.com/sogko/slumber/domain/access_controller.go:22.2,22.12 1 6
github.com/sogko/slumber/domain/access_controller.go:14.23,16.3 1 6
github.com/sogko/slumber/domain/access_controller.go:17.29,18.28 1 9
github.com/sogko/slumber/domain/access_controller.go:18.28,20.4 1 9
github.com/sogko/slumber/domain/accept_headers.go:28.59,33.47 2 84
github.com/sogko/slumber/domain/accept_headers.go:78.2,80.42 3 84
github.com/sogko/slumber/domain/accept_headers.go:92.2,92.16 1 84
github.com/sogko/slumber/domain/accept_headers.go:33.47,44.53 6 105
github.com/sogko/slumber/domain/accept_headers.go:58.3,59.22 2 105
github.com/sogko/slumber/domain/accept_headers.go:64.3,70.43 5 84
github.com/sogko/slumber/domain/accept_headers.go:75.3,75.19 1 84
github.com/sogko/slumber/domain/accept_headers.go:44.53,46.45 2 63
github.com/sogko/slumber/domain/accept_headers.go:46.45,48.20 2 84
github.com/sogko/slumber/domain/accept_headers.go:51.5,51.19 1 84
github.com/sogko/slumber/domain/accept_headers.go:48.20,50.6 1 7
github.com/sogko/slumber/domain/accept_headers.go:51.19,53.6 1 77
github.com/sogko/slumber/domain/accept_headers.go:59.22,61.4 1 21
github.com/sogko/slumber/domain/accept_headers.go:70.43,73.4 2 35
github.com/sogko/slumber/domain/accept_headers.go:80.42,83.41 3 105
github.com/sogko/slumber/domain/accept_headers.go:90.3,90.36 1 105
github.com/sogko/slumber/domain/accept_headers.go:83.41,85.18 2 42
github.com/sogko/slumber/domain/accept_headers.go:88.4,88.28 1 42
github.com/sogko/slumber/domain/accept_headers.go:85.18,87.5 1 7