mode: atomic
github.com/sogko/slumber/domain/users.go:46.34,53.2 1 0
github.com/sogko/slumber/domain/users.go:56.52,58.2 1 0
github.com/sogko/slumber/domain/users.go:61.63,64.2 2 0
github.com/sogko/slumber/domain/users.go:67.54,71.16 3 0
github.com/sogko/slumber/domain/users.go:74.2,75.12 2 0
github.com/sogko/slumber/domain/users.go:71.16,73.3 1 0
github.com/sogko/slumber/domain/users.go:79.46,81.2 1 0
github.com/sogko/slumber/domain/users.go:84.37,88.2 2 0
github.com/sogko/slumber/domain/users.go:90.40,91.31 1 0
github.com/sogko/slumber/domain/users.go:96.2,96.14 1 0
github.com/sogko/slumber/domain/users.go:91.31,92.13 1 0
github.com/sogko/slumber/domain/users.go:92.13,94.4 1 0
github.com/sogko/slumber/domain/accept_headers.go:28.59,33.47 2 12
github.com/sogko/slumber/domain/accept_headers.go:78.2,80.42 3 12
github.com/sogko/slumber/domain/accept_headers.go:92.2,92.16 1 12
github.com/sogko/slumber/domain/accept_headers.go:33.47,44.53 6 15
github.com/sogko/slumber/domain/accept_headers.go:58.3,59.22 2 15
github.com/sogko/slumber/domain/accept_headers.go:64.3,70.43 5 12
github.com/sogko/slumber/domain/accept_headers.go:75.3,75.19 1 12
github.com/sogko/slumber/domain/accept_headers.go:44.53,46.45 2 9
github.com/sogko/slumber/domain/accept_headers.go:46.45,48.20 2 12
github.com/sogko/slumber/domain/accept_headers.go:51.5,51.19 1 12
github.com/sogko/slumber/domain/accept_headers.go:48.20,50.6 1 1
github.com/sogko/slumber/domain/accept_headers.go:51.19,53.6 1 11
github.com/sogko/slumber/domain/accept_headers.go:59.22,61.4 1 3
github.com/sogko/slumber/domain/accept_headers.go:70.43,73.4 2 5
github.com/sogko/slumber/domain/accept_headers.go:80.42,83.41 3 15
github.com/sogko/slumber/domain/accept_headers.go:90.3,90.36 1 15
github.com/sogko/slumber/domain/accept_headers.go:83.41,85.18 2 6
github.com/sogko/slumber/domain/accept_headers.go:88.4,88.28 1 6
github.com/sogko/slumber/domain/accept_headers.go:85.18,87.5 1 1
github.com/sogko/slumber/domain/access_controller.go:11.49,14.23 2 6
github.com/sogko/slumber/domain/access_controller.go:17.2,17.29 1 6
github.com/sogko/slumber/domain/access_controller.go:22.2,22.12 1 6
github.com/sogko/slumber/domain/access_controller.go:14.23,16.3 1 6
github.com/sogko/slumber/domain/access_controller.go:17.29,18.28 1 9
github.com/sogko/slumber/domain/access_controller.go:18.28,20.4 1 9
github.com/sogko/slumber/domain/middleware.go:9.103,11.2 1 0
github.com/sogko/slumber/domain/routes.go:24.51,27.27 2 4
github.com/sogko/slumber/domain/routes.go:30.2,30.33 1 4
github.com/sogko/slumber/domain/routes.go:35.2,35.12 1 4
github.com/sogko/slumber/domain/routes.go:27.27,29.3 1 5
github.com/sogko/slumber/domain/routes.go:30.33,31.34 1 5
github.com/sogko/slumber/domain/routes.go:31.34,33.4 1 5
