mode: atomic
github.com/sogko/golang-rest-api-server-example/server/routes.go:4.26,10.2 1 17
github.com/sogko/golang-rest-api-server-example/server/server.go:23.48,38.2 7 17
github.com/sogko/golang-rest-api-server-example/server/context.go:17.57,20.2 2 17
github.com/sogko/golang-rest-api-server-example/server/context.go:23.39,24.44 1 18
github.com/sogko/golang-rest-api-server-example/server/context.go:27.2,27.12 1 1
github.com/sogko/golang-rest-api-server-example/server/context.go:24.44,26.3 1 17
github.com/sogko/golang-rest-api-server-example/server/context.go:31.63,34.2 2 17
github.com/sogko/golang-rest-api-server-example/server/context.go:37.45,38.48 1 18
github.com/sogko/golang-rest-api-server-example/server/context.go:41.2,41.12 1 1
github.com/sogko/golang-rest-api-server-example/server/context.go:38.48,40.3 1 17
github.com/sogko/golang-rest-api-server-example/server/controllers_customers.go:11.67,24.2 6 4
github.com/sogko/golang-rest-api-server-example/server/controllers_customers.go:27.68,36.16 6 6
github.com/sogko/golang-rest-api-server-example/server/controllers_customers.go:45.2,45.25 1 4
github.com/sogko/golang-rest-api-server-example/server/controllers_customers.go:53.2,54.16 2 2
github.com/sogko/golang-rest-api-server-example/server/controllers_customers.go:62.2,65.4 1 2
github.com/sogko/golang-rest-api-server-example/server/controllers_customers.go:36.16,42.3 2 2
github.com/sogko/golang-rest-api-server-example/server/controllers_customers.go:45.25,51.3 2 2
github.com/sogko/golang-rest-api-server-example/server/controllers_customers.go:54.16,60.3 2 0
github.com/sogko/golang-rest-api-server-example/server/controllers_customers.go:69.66,77.16 7 6
github.com/sogko/golang-rest-api-server-example/server/controllers_customers.go:81.2,87.4 2 6
github.com/sogko/golang-rest-api-server-example/server/controllers_customers.go:77.16,80.3 2 4
github.com/sogko/golang-rest-api-server-example/server/database.go:38.59,41.30 1 20
github.com/sogko/golang-rest-api-server-example/server/database.go:45.2,46.16 2 20
github.com/sogko/golang-rest-api-server-example/server/database.go:49.2,49.43 1 19
github.com/sogko/golang-rest-api-server-example/server/database.go:41.30,43.3 1 19
github.com/sogko/golang-rest-api-server-example/server/database.go:46.16,48.3 1 1
github.com/sogko/golang-rest-api-server-example/server/database.go:53.67,54.98 1 17
github.com/sogko/golang-rest-api-server-example/server/database.go:54.98,61.3 5 16
github.com/sogko/golang-rest-api-server-example/server/database_customers.go:13.69,16.2 2 2
github.com/sogko/golang-rest-api-server-example/server/database_customers.go:19.62,23.2 3 4
github.com/sogko/golang-rest-api-server-example/server/database_customers.go:26.70,28.29 1 6
github.com/sogko/golang-rest-api-server-example/server/database_customers.go:32.2,34.23 3 4
github.com/sogko/golang-rest-api-server-example/server/database_customers.go:28.29,30.3 1 2
github.com/sogko/golang-rest-api-server-example/server/renderer.go:18.53,21.2 2 19
github.com/sogko/golang-rest-api-server-example/server/renderer.go:24.61,25.98 1 17
github.com/sogko/golang-rest-api-server-example/server/renderer.go:25.98,30.3 2 16
github.com/sogko/golang-rest-api-server-example/server/router.go:30.40,33.32 2 17
github.com/sogko/golang-rest-api-server-example/server/router.go:40.2,40.24 1 17
github.com/sogko/golang-rest-api-server-example/server/router.go:33.32,39.3 1 51
