mode: atomic
github.com/sogko/golang-rest-api-server-example/utils/jwt.go:13.13,16.2 2 7
github.com/sogko/golang-rest-api-server-example/utils/jwt.go:24.57,40.2 4 24
github.com/sogko/golang-rest-api-server-example/utils/jwt.go:42.83,43.80 1 9
github.com/sogko/golang-rest-api-server-example/utils/jwt.go:49.2,49.16 1 9
github.com/sogko/golang-rest-api-server-example/utils/jwt.go:53.2,54.17 2 3
github.com/sogko/golang-rest-api-server-example/utils/jwt.go:62.2,62.28 1 3
github.com/sogko/golang-rest-api-server-example/utils/jwt.go:43.80,44.57 1 6
github.com/sogko/golang-rest-api-server-example/utils/jwt.go:47.3,47.31 1 3
github.com/sogko/golang-rest-api-server-example/utils/jwt.go:44.57,46.4 1 3
github.com/sogko/golang-rest-api-server-example/utils/jwt.go:49.16,51.3 1 6
github.com/sogko/golang-rest-api-server-example/utils/jwt.go:54.17,57.62 3 3
github.com/sogko/golang-rest-api-server-example/utils/jwt.go:57.62,59.4 1 3
github.com/sogko/golang-rest-api-server-example/utils/parse_accept_headers.go:28.51,33.47 2 84
github.com/sogko/golang-rest-api-server-example/utils/parse_accept_headers.go:78.2,80.42 3 84
github.com/sogko/golang-rest-api-server-example/utils/parse_accept_headers.go:92.2,92.16 1 84
github.com/sogko/golang-rest-api-server-example/utils/parse_accept_headers.go:33.47,44.53 6 105
github.com/sogko/golang-rest-api-server-example/utils/parse_accept_headers.go:58.3,59.22 2 105
github.com/sogko/golang-rest-api-server-example/utils/parse_accept_headers.go:64.3,70.43 5 84
github.com/sogko/golang-rest-api-server-example/utils/parse_accept_headers.go:75.3,75.19 1 84
github.com/sogko/golang-rest-api-server-example/utils/parse_accept_headers.go:44.53,46.45 2 63
github.com/sogko/golang-rest-api-server-example/utils/parse_accept_headers.go:46.45,48.20 2 84
github.com/sogko/golang-rest-api-server-example/utils/parse_accept_headers.go:51.5,51.19 1 84
github.com/sogko/golang-rest-api-server-example/utils/parse_accept_headers.go:48.20,50.6 1 7
github.com/sogko/golang-rest-api-server-example/utils/parse_accept_headers.go:51.19,53.6 1 77
github.com/sogko/golang-rest-api-server-example/utils/parse_accept_headers.go:59.22,61.4 1 21
github.com/sogko/golang-rest-api-server-example/utils/parse_accept_headers.go:70.43,73.4 2 35
github.com/sogko/golang-rest-api-server-example/utils/parse_accept_headers.go:80.42,83.41 3 105
github.com/sogko/golang-rest-api-server-example/utils/parse_accept_headers.go:90.3,90.36 1 105
github.com/sogko/golang-rest-api-server-example/utils/parse_accept_headers.go:83.41,85.18 2 42
github.com/sogko/golang-rest-api-server-example/utils/parse_accept_headers.go:88.4,88.28 1 42
github.com/sogko/golang-rest-api-server-example/utils/parse_accept_headers.go:85.18,87.5 1 7
github.com/sogko/golang-rest-api-server-example/utils/test_helpers.go:12.54,15.16 3 2
github.com/sogko/golang-rest-api-server-example/utils/test_helpers.go:18.2,18.40 1 1
github.com/sogko/golang-rest-api-server-example/utils/test_helpers.go:15.16,17.3 1 1
github.com/sogko/golang-rest-api-server-example/utils/test_helpers.go:24.107,27.16 3 2
github.com/sogko/golang-rest-api-server-example/utils/test_helpers.go:30.2,30.12 1 1
github.com/sogko/golang-rest-api-server-example/utils/test_helpers.go:27.16,29.3 1 1