mode: atomic
github.com/sogko/slumber/users/users_acl.go:11.92,12.18 1 6
github.com/sogko/slumber/users/users_acl.go:16.3,16.41 1 5
github.com/sogko/slumber/users/users_acl.go:20.3,20.18 1 4
github.com/sogko/slumber/users/users_acl.go:12.18,15.4 1 1
github.com/sogko/slumber/users/users_acl.go:16.41,19.4 1 1
github.com/sogko/slumber/users/users_acl.go:22.90,25.3 1 7
github.com/sogko/slumber/users/users_acl.go:26.93,31.18 1 16
github.com/sogko/slumber/users/users_acl.go:35.3,35.41 1 14
github.com/sogko/slumber/users/users_acl.go:39.3,39.38 1 13
github.com/sogko/slumber/users/users_acl.go:43.3,43.18 1 12
github.com/sogko/slumber/users/users_acl.go:31.18,34.4 1 2
github.com/sogko/slumber/users/users_acl.go:35.41,38.4 1 1
github.com/sogko/slumber/users/users_acl.go:39.38,42.4 1 1
github.com/sogko/slumber/users/users_acl.go:45.94,46.18 1 13
github.com/sogko/slumber/users/users_acl.go:50.3,50.41 1 12
github.com/sogko/slumber/users/users_acl.go:54.3,54.38 1 11
github.com/sogko/slumber/users/users_acl.go:59.3,59.18 1 10
github.com/sogko/slumber/users/users_acl.go:46.18,49.4 1 1
github.com/sogko/slumber/users/users_acl.go:50.41,53.4 1 1
github.com/sogko/slumber/users/users_acl.go:54.38,57.4 1 1
github.com/sogko/slumber/users/users_acl.go:61.97,62.18 1 7
github.com/sogko/slumber/users/users_acl.go:66.3,66.41 1 6
github.com/sogko/slumber/users/users_acl.go:70.3,70.38 1 5
github.com/sogko/slumber/users/users_acl.go:75.3,75.18 1 4
github.com/sogko/slumber/users/users_acl.go:62.18,65.4 1 1
github.com/sogko/slumber/users/users_acl.go:66.41,69.4 1 1
github.com/sogko/slumber/users/users_acl.go:70.38,73.4 1 1
github.com/sogko/slumber/users/users_acl.go:77.94,80.3 1 15
github.com/sogko/slumber/users/users_acl.go:81.93,87.18 5 18
github.com/sogko/slumber/users/users_acl.go:91.3,91.41 1 17
github.com/sogko/slumber/users/users_acl.go:95.3,95.37 1 16
github.com/sogko/slumber/users/users_acl.go:101.3,102.52 2 3
github.com/sogko/slumber/users/users_acl.go:107.3,107.19 1 1
github.com/sogko/slumber/users/users_acl.go:87.18,90.4 1 1
github.com/sogko/slumber/users/users_acl.go:91.41,94.4 1 1
github.com/sogko/slumber/users/users_acl.go:95.37,98.4 1 13
github.com/sogko/slumber/users/users_acl.go:102.52,105.4 1 2
github.com/sogko/slumber/users/users_acl.go:109.93,111.18 1 9
github.com/sogko/slumber/users/users_acl.go:115.3,115.41 1 8
github.com/sogko/slumber/users/users_acl.go:119.3,119.38 1 7
github.com/sogko/slumber/users/users_acl.go:124.3,124.18 1 6
github.com/sogko/slumber/users/users_acl.go:111.18,114.4 1 1
github.com/sogko/slumber/users/users_acl.go:115.41,118.4 1 1
github.com/sogko/slumber/users/users_acl.go:119.38,122.4 1 1
github.com/sogko/slumber/users/users_acl.go:126.93,127.18 1 7
github.com/sogko/slumber/users/users_acl.go:131.3,131.41 1 6
github.com/sogko/slumber/users/users_acl.go:135.3,135.38 1 5
github.com/sogko/slumber/users/users_acl.go:140.3,140.18 1 4
github.com/sogko/slumber/users/users_acl.go:127.18,130.4 1 1
github.com/sogko/slumber/users/users_acl.go:131.41,134.4 1 1
github.com/sogko/slumber/users/users_acl.go:135.38,138.4 1 1
github.com/sogko/slumber/users/users_controllers.go:83.88,96.16 10 4
github.com/sogko/slumber/users/users_controllers.go:100.2,103.20 3 4
github.com/sogko/slumber/users/users_controllers.go:106.2,111.4 1 4
github.com/sogko/slumber/users/users_controllers.go:96.16,98.3 1 4
github.com/sogko/slumber/users/users_controllers.go:103.20,105.3 1 4
github.com/sogko/slumber/users/users_controllers.go:115.90,121.16 5 10
github.com/sogko/slumber/users/users_controllers.go:125.2,129.29 4 8
github.com/sogko/slumber/users/users_controllers.go:135.2,135.16 1 8
github.com/sogko/slumber/users/users_controllers.go:141.2,146.4 1 8
github.com/sogko/slumber/users/users_controllers.go:121.16,123.3 1 2
github.com/sogko/slumber/users/users_controllers.go:129.29,132.3 2 6
github.com/sogko/slumber/users/users_controllers.go:132.3,134.3 1 2
github.com/sogko/slumber/users/users_controllers.go:135.16,139.3 3 2
github.com/sogko/slumber/users/users_controllers.go:150.93,161.2 5 4
github.com/sogko/slumber/users/users_controllers.go:164.89,171.16 6 14
github.com/sogko/slumber/users/users_controllers.go:175.2,175.51 1 12
github.com/sogko/slumber/users/users_controllers.go:180.2,180.45 1 10
github.com/sogko/slumber/users/users_controllers.go:187.2,201.24 4 8
github.com/sogko/slumber/users/users_controllers.go:206.2,207.16 2 6
github.com/sogko/slumber/users/users_controllers.go:214.2,215.37 2 6
github.com/sogko/slumber/users/users_controllers.go:225.2,229.4 1 5
github.com/sogko/slumber/users/users_controllers.go:171.16,173.3 1 2
github.com/sogko/slumber/users/users_controllers.go:175.51,178.3 2 2
github.com/sogko/slumber/users/users_controllers.go:180.45,183.3 2 2
github.com/sogko/slumber/users/users_controllers.go:201.24,204.3 2 2
github.com/sogko/slumber/users/users_controllers.go:207.16,210.3 2 0
github.com/sogko/slumber/users/users_controllers.go:215.37,219.17 2 6
github.com/sogko/slumber/users/users_controllers.go:219.17,222.4 2 1
github.com/sogko/slumber/users/users_controllers.go:233.90,242.16 8 15
github.com/sogko/slumber/users/users_controllers.go:247.2,247.41 1 13
github.com/sogko/slumber/users/users_controllers.go:252.2,252.32 1 7
github.com/sogko/slumber/users/users_controllers.go:258.2,262.16 2 3
github.com/sogko/slumber/users/users_controllers.go:268.2,269.38 2 3
github.com/sogko/slumber/users/users_controllers.go:279.2,284.4 1 2
github.com/sogko/slumber/users/users_controllers.go:242.16,245.3 2 2
github.com/sogko/slumber/users/users_controllers.go:247.41,250.3 2 6
github.com/sogko/slumber/users/users_controllers.go:252.32,255.3 2 4
github.com/sogko/slumber/users/users_controllers.go:262.16,265.3 2 0
github.com/sogko/slumber/users/users_controllers.go:269.38,273.17 2 3
github.com/sogko/slumber/users/users_controllers.go:273.17,276.4 2 1
github.com/sogko/slumber/users/users_controllers.go:288.86,296.16 7 7
github.com/sogko/slumber/users/users_controllers.go:301.2,305.4 1 3
github.com/sogko/slumber/users/users_controllers.go:296.16,299.3 2 4
github.com/sogko/slumber/users/users_controllers.go:309.89,317.16 7 15
github.com/sogko/slumber/users/users_controllers.go:321.2,323.16 3 13
github.com/sogko/slumber/users/users_controllers.go:328.2,332.4 1 9
github.com/sogko/slumber/users/users_controllers.go:317.16,319.3 1 2
github.com/sogko/slumber/users/users_controllers.go:323.16,326.3 2 4
github.com/sogko/slumber/users/users_controllers.go:336.89,345.16 7 6
github.com/sogko/slumber/users/users_controllers.go:350.2,353.4 1 2
github.com/sogko/slumber/users/users_controllers.go:345.16,348.3 2 4
github.com/sogko/slumber/users/users_controllers.go:356.89,372.2 7 4
