mode: atomic
github.com/sogko/golang-rest-api-server-example/users/users_acl.go:11.82,12.18 1 6
github.com/sogko/golang-rest-api-server-example/users/users_acl.go:16.3,16.41 1 5
github.com/sogko/golang-rest-api-server-example/users/users_acl.go:20.3,20.14 1 4
github.com/sogko/golang-rest-api-server-example/users/users_acl.go:12.18,15.4 1 1
github.com/sogko/golang-rest-api-server-example/users/users_acl.go:16.41,19.4 1 1
github.com/sogko/golang-rest-api-server-example/users/users_acl.go:22.80,23.18 1 7
github.com/sogko/golang-rest-api-server-example/users/users_acl.go:27.3,27.41 1 7
github.com/sogko/golang-rest-api-server-example/users/users_acl.go:31.3,31.14 1 7
github.com/sogko/golang-rest-api-server-example/users/users_acl.go:23.18,26.4 1 0
github.com/sogko/golang-rest-api-server-example/users/users_acl.go:27.41,30.4 1 0
github.com/sogko/golang-rest-api-server-example/users/users_acl.go:33.83,38.18 1 11
github.com/sogko/golang-rest-api-server-example/users/users_acl.go:42.3,42.41 1 9
github.com/sogko/golang-rest-api-server-example/users/users_acl.go:46.3,46.38 1 9
github.com/sogko/golang-rest-api-server-example/users/users_acl.go:50.3,50.14 1 8
github.com/sogko/golang-rest-api-server-example/users/users_acl.go:38.18,41.4 1 2
github.com/sogko/golang-rest-api-server-example/users/users_acl.go:42.41,45.4 1 0
github.com/sogko/golang-rest-api-server-example/users/users_acl.go:46.38,49.4 1 1
github.com/sogko/golang-rest-api-server-example/users/users_acl.go:52.84,53.18 1 12
github.com/sogko/golang-rest-api-server-example/users/users_acl.go:57.3,57.41 1 11
github.com/sogko/golang-rest-api-server-example/users/users_acl.go:61.3,61.38 1 11
github.com/sogko/golang-rest-api-server-example/users/users_acl.go:66.3,66.14 1 10
github.com/sogko/golang-rest-api-server-example/users/users_acl.go:53.18,56.4 1 1
github.com/sogko/golang-rest-api-server-example/users/users_acl.go:57.41,60.4 1 0
github.com/sogko/golang-rest-api-server-example/users/users_acl.go:61.38,64.4 1 1
github.com/sogko/golang-rest-api-server-example/users/users_acl.go:68.87,69.18 1 4
github.com/sogko/golang-rest-api-server-example/users/users_acl.go:73.3,73.41 1 4
github.com/sogko/golang-rest-api-server-example/users/users_acl.go:77.3,77.38 1 4
github.com/sogko/golang-rest-api-server-example/users/users_acl.go:82.3,82.14 1 4
github.com/sogko/golang-rest-api-server-example/users/users_acl.go:69.18,72.4 1 0
github.com/sogko/golang-rest-api-server-example/users/users_acl.go:73.41,76.4 1 0
github.com/sogko/golang-rest-api-server-example/users/users_acl.go:77.38,80.4 1 0
github.com/sogko/golang-rest-api-server-example/users/users_acl.go:84.84,87.3 1 14
github.com/sogko/golang-rest-api-server-example/users/users_acl.go:88.83,94.18 5 13
github.com/sogko/golang-rest-api-server-example/users/users_acl.go:98.3,98.41 1 13
github.com/sogko/golang-rest-api-server-example/users/users_acl.go:102.3,102.37 1 13
github.com/sogko/golang-rest-api-server-example/users/users_acl.go:108.3,109.52 2 0
github.com/sogko/golang-rest-api-server-example/users/users_acl.go:114.3,114.15 1 0
github.com/sogko/golang-rest-api-server-example/users/users_acl.go:94.18,97.4 1 0
github.com/sogko/golang-rest-api-server-example/users/users_acl.go:98.41,101.4 1 0
github.com/sogko/golang-rest-api-server-example/users/users_acl.go:102.37,105.4 1 13
github.com/sogko/golang-rest-api-server-example/users/users_acl.go:109.52,112.4 1 0
github.com/sogko/golang-rest-api-server-example/users/users_acl.go:116.83,118.18 1 6
github.com/sogko/golang-rest-api-server-example/users/users_acl.go:122.3,122.41 1 6
github.com/sogko/golang-rest-api-server-example/users/users_acl.go:126.3,126.38 1 6
github.com/sogko/golang-rest-api-server-example/users/users_acl.go:131.3,131.14 1 6
github.com/sogko/golang-rest-api-server-example/users/users_acl.go:118.18,121.4 1 0
github.com/sogko/golang-rest-api-server-example/users/users_acl.go:122.41,125.4 1 0
github.com/sogko/golang-rest-api-server-example/users/users_acl.go:126.38,129.4 1 0
github.com/sogko/golang-rest-api-server-example/users/users_controllers.go:72.88,84.2 5 4
github.com/sogko/golang-rest-api-server-example/users/users_controllers.go:87.90,93.16 5 10
github.com/sogko/golang-rest-api-server-example/users/users_controllers.go:97.2,100.29 3 8
github.com/sogko/golang-rest-api-server-example/users/users_controllers.go:112.2,112.16 1 6
github.com/sogko/golang-rest-api-server-example/users/users_controllers.go:117.2,122.4 1 6
github.com/sogko/golang-rest-api-server-example/users/users_controllers.go:93.16,95.3 1 2
github.com/sogko/golang-rest-api-server-example/users/users_controllers.go:100.29,103.3 2 6
github.com/sogko/golang-rest-api-server-example/users/users_controllers.go:103.3,111.3 2 2
github.com/sogko/golang-rest-api-server-example/users/users_controllers.go:112.16,115.3 2 0
github.com/sogko/golang-rest-api-server-example/users/users_controllers.go:126.93,137.2 5 4
github.com/sogko/golang-rest-api-server-example/users/users_controllers.go:140.89,147.16 6 10
github.com/sogko/golang-rest-api-server-example/users/users_controllers.go:151.2,151.51 1 8
github.com/sogko/golang-rest-api-server-example/users/users_controllers.go:156.2,156.45 1 8
github.com/sogko/golang-rest-api-server-example/users/users_controllers.go:163.2,177.24 4 8
github.com/sogko/golang-rest-api-server-example/users/users_controllers.go:182.2,183.16 2 6
github.com/sogko/golang-rest-api-server-example/users/users_controllers.go:190.2,194.4 1 6
github.com/sogko/golang-rest-api-server-example/users/users_controllers.go:147.16,149.3 1 2
github.com/sogko/golang-rest-api-server-example/users/users_controllers.go:151.51,154.3 2 0
github.com/sogko/golang-rest-api-server-example/users/users_controllers.go:156.45,159.3 2 0
github.com/sogko/golang-rest-api-server-example/users/users_controllers.go:177.24,180.3 2 2
github.com/sogko/golang-rest-api-server-example/users/users_controllers.go:183.16,186.3 2 0
github.com/sogko/golang-rest-api-server-example/users/users_controllers.go:198.90,207.16 8 14
github.com/sogko/golang-rest-api-server-example/users/users_controllers.go:212.2,212.41 1 12
github.com/sogko/golang-rest-api-server-example/users/users_controllers.go:217.2,217.32 1 6
github.com/sogko/golang-rest-api-server-example/users/users_controllers.go:223.2,227.16 2 2
github.com/sogko/golang-rest-api-server-example/users/users_controllers.go:232.2,237.4 1 2
github.com/sogko/golang-rest-api-server-example/users/users_controllers.go:207.16,210.3 2 2
github.com/sogko/golang-rest-api-server-example/users/users_controllers.go:212.41,215.3 2 6
github.com/sogko/golang-rest-api-server-example/users/users_controllers.go:217.32,220.3 2 4
github.com/sogko/golang-rest-api-server-example/users/users_controllers.go:227.16,230.3 2 0
github.com/sogko/golang-rest-api-server-example/users/users_controllers.go:241.86,249.16 7 7
github.com/sogko/golang-rest-api-server-example/users/users_controllers.go:254.2,258.4 1 3
github.com/sogko/golang-rest-api-server-example/users/users_controllers.go:249.16,252.3 2 4
github.com/sogko/golang-rest-api-server-example/users/users_controllers.go:262.89,270.16 7 13
github.com/sogko/golang-rest-api-server-example/users/users_controllers.go:274.2,276.16 3 11
github.com/sogko/golang-rest-api-server-example/users/users_controllers.go:281.2,285.4 1 7
github.com/sogko/golang-rest-api-server-example/users/users_controllers.go:270.16,272.3 1 2
github.com/sogko/golang-rest-api-server-example/users/users_controllers.go:276.16,279.3 2 4
github.com/sogko/golang-rest-api-server-example/users/users_controllers.go:289.89,298.16 7 6
github.com/sogko/golang-rest-api-server-example/users/users_controllers.go:303.2,306.4 1 2
github.com/sogko/golang-rest-api-server-example/users/users_controllers.go:298.16,301.3 2 4