mode: atomic
github.com/sogko/slumber/libs/test_helpers.go:12.54,15.16 3 2
github.com/sogko/slumber/libs/test_helpers.go:18.2,18.40 1 1
github.com/sogko/slumber/libs/test_helpers.go:15.16,17.3 1 1
github.com/sogko/slumber/libs/test_helpers.go:24.107,27.16 3 2
github.com/sogko/slumber/libs/test_helpers.go:30.2,30.12 1 1
github.com/sogko/slumber/libs/test_helpers.go:27.16,29.3 1 1
github.com/sogko/slumber/libs/merge_map_structs.go:8.72,10.24 2 3
github.com/sogko/slumber/libs/merge_map_structs.go:13.2,13.26 1 3
github.com/sogko/slumber/libs/merge_map_structs.go:16.2,16.12 1 3
github.com/sogko/slumber/libs/merge_map_structs.go:10.24,12.3 1 3
github.com/sogko/slumber/libs/merge_map_structs.go:13.26,15.3 1 3
github.com/sogko/slumber/libs/merge_map_structs.go:20.72,22.24 2 3
github.com/sogko/slumber/libs/merge_map_structs.go:25.2,25.26 1 3
github.com/sogko/slumber/libs/merge_map_structs.go:28.2,28.12 1 3
github.com/sogko/slumber/libs/merge_map_structs.go:22.24,24.3 1 4
github.com/sogko/slumber/libs/merge_map_structs.go:25.26,27.3 1 3
github.com/sogko/slumber/libs/parse_accept_headers.go:28.51,33.47 2 12
github.com/sogko/slumber/libs/parse_accept_headers.go:78.2,80.42 3 12
github.com/sogko/slumber/libs/parse_accept_headers.go:92.2,92.16 1 12
github.com/sogko/slumber/libs/parse_accept_headers.go:33.47,44.53 6 15
github.com/sogko/slumber/libs/parse_accept_headers.go:58.3,59.22 2 15
github.com/sogko/slumber/libs/parse_accept_headers.go:64.3,70.43 5 12
github.com/sogko/slumber/libs/parse_accept_headers.go:75.3,75.19 1 12
github.com/sogko/slumber/libs/parse_accept_headers.go:44.53,46.45 2 9
github.com/sogko/slumber/libs/parse_accept_headers.go:46.45,48.20 2 12
github.com/sogko/slumber/libs/parse_accept_headers.go:51.5,51.19 1 12
github.com/sogko/slumber/libs/parse_accept_headers.go:48.20,50.6 1 1
github.com/sogko/slumber/libs/parse_accept_headers.go:51.19,53.6 1 11
github.com/sogko/slumber/libs/parse_accept_headers.go:59.22,61.4 1 3
github.com/sogko/slumber/libs/parse_accept_headers.go:70.43,73.4 2 5
github.com/sogko/slumber/libs/parse_accept_headers.go:80.42,83.41 3 15
github.com/sogko/slumber/libs/parse_accept_headers.go:90.3,90.36 1 15
github.com/sogko/slumber/libs/parse_accept_headers.go:83.41,85.18 2 6
github.com/sogko/slumber/libs/parse_accept_headers.go:88.4,88.28 1 6
github.com/sogko/slumber/libs/parse_accept_headers.go:85.18,87.5 1 1
