mode: atomic
github.com/sogko/golang-rest-api-server-example/server/utils/parse_accept_headers.go:25.51,30.47 2 48
github.com/sogko/golang-rest-api-server-example/server/utils/parse_accept_headers.go:76.2,78.42 3 48
github.com/sogko/golang-rest-api-server-example/server/utils/parse_accept_headers.go:90.2,90.16 1 48
github.com/sogko/golang-rest-api-server-example/server/utils/parse_accept_headers.go:30.47,41.53 6 60
github.com/sogko/golang-rest-api-server-example/server/utils/parse_accept_headers.go:55.3,57.22 3 60
github.com/sogko/golang-rest-api-server-example/server/utils/parse_accept_headers.go:62.3,68.43 5 48
github.com/sogko/golang-rest-api-server-example/server/utils/parse_accept_headers.go:73.3,73.19 1 48
github.com/sogko/golang-rest-api-server-example/server/utils/parse_accept_headers.go:41.53,43.45 2 36
github.com/sogko/golang-rest-api-server-example/server/utils/parse_accept_headers.go:43.45,45.20 2 48
github.com/sogko/golang-rest-api-server-example/server/utils/parse_accept_headers.go:48.5,48.19 1 48
github.com/sogko/golang-rest-api-server-example/server/utils/parse_accept_headers.go:45.20,47.6 1 4
github.com/sogko/golang-rest-api-server-example/server/utils/parse_accept_headers.go:48.19,50.6 1 44
github.com/sogko/golang-rest-api-server-example/server/utils/parse_accept_headers.go:57.22,59.4 1 12
github.com/sogko/golang-rest-api-server-example/server/utils/parse_accept_headers.go:68.43,71.4 2 20
github.com/sogko/golang-rest-api-server-example/server/utils/parse_accept_headers.go:78.42,81.41 3 60
github.com/sogko/golang-rest-api-server-example/server/utils/parse_accept_headers.go:88.3,88.36 1 60
github.com/sogko/golang-rest-api-server-example/server/utils/parse_accept_headers.go:81.41,83.18 2 24
github.com/sogko/golang-rest-api-server-example/server/utils/parse_accept_headers.go:86.4,86.28 1 24
github.com/sogko/golang-rest-api-server-example/server/utils/parse_accept_headers.go:83.18,85.5 1 4